Compiling the C compiler identification source file "CMakeCCompilerId.c" failed.
Compiler:  
Build flags: 
Id flags:  

The output was:
1
Microsoft (R) Build Engine version 17.1.0+ae57d105c for .NET Framework
Copyright (C) Microsoft Corporation. All rights reserved.

Build started 6/12/2022 6:20:15 AM.
Project "D:\Dropbox\projects\code\monotextdisplay\build\base\CMakeFiles\3.22.1\CompilerIdC\CompilerIdC.vcxproj" on node 1 (default targets).
PrepareForBuild:
  Creating directory "Debug\".
  Creating directory "Debug\CompilerIdC.tlog\".
InitializeBuildStatus:
  Creating "Debug\CompilerIdC.tlog\unsuccessfulbuild" because "AlwaysCreate" was specified.
ClCompile:
  C:\Program Files\Microsoft Visual Studio\2022\Community\VC\Tools\MSVC\14.31.31103\bin\HostX64\x64\CL.exe /c /nologo /W0 /WX- /diagnostics:column /Od /D _MBCS /Gm- /EHsc /RTC1 /MDd /GS /fp:precise /Zc:wchar_t /Zc:forScope /Zc:inline /Fo"Debug\\" /Fd"Debug\vc143.pdb" /external:W0 /Gd /TC /FC /errorReport:queue CMakeCCompilerId.c
  CMakeCCompilerId.c
Link:
  C:\Program Files\Microsoft Visual Studio\2022\Community\VC\Tools\MSVC\14.31.31103\bin\HostX64\x64\link.exe /ERRORREPORT:QUEUE /OUT:".\CompilerIdC.exe" /INCREMENTAL:NO /NOLOGO kernel32.lib user32.lib gdi32.lib winspool.lib comdlg32.lib advapi32.lib shell32.lib ole32.lib oleaut32.lib uuid.lib odbc32.lib odbccp32.lib /MANIFEST /MANIFESTUAC:"level='asInvoker' uiAccess='false'" /manifest:embed /PDB:".\CompilerIdC.pdb" /SUBSYSTEM:CONSOLE /TLBID:1 /DYNAMICBASE /NXCOMPAT /IMPLIB:".\CompilerIdC.lib" /MACHINE:X64 Debug\CMakeCCompilerId.obj
C:\Program Files\Microsoft Visual Studio\2022\Community\MSBuild\Microsoft\VC\v170\Microsoft.CppCommon.targets(1092,5): error MSB6003: The specified task executable "link.exe" could not be run. System.IO.IOException: The process cannot access the file 'Debug\CompilerIdC.tlog\link-rc.write.1.tlog' because it is being used by another process. [D:\Dropbox\projects\code\monotextdisplay\build\base\CMakeFiles\3.22.1\CompilerIdC\CompilerIdC.vcxproj]
C:\Program Files\Microsoft Visual Studio\2022\Community\MSBuild\Microsoft\VC\v170\Microsoft.CppCommon.targets(1092,5): error MSB6003:    at System.IO.__Error.WinIOError(Int32 errorCode, String maybeFullPath) [D:\Dropbox\projects\code\monotextdisplay\build\base\CMakeFiles\3.22.1\CompilerIdC\CompilerIdC.vcxproj]
C:\Program Files\Microsoft Visual Studio\2022\Community\MSBuild\Microsoft\VC\v170\Microsoft.CppCommon.targets(1092,5): error MSB6003:    at System.IO.FileInfo.Delete() [D:\Dropbox\projects\code\monotextdisplay\build\base\CMakeFiles\3.22.1\CompilerIdC\CompilerIdC.vcxproj]
C:\Program Files\Microsoft Visual Studio\2022\Community\MSBuild\Microsoft\VC\v170\Microsoft.CppCommon.targets(1092,5): error MSB6003:    at Microsoft.Build.CPPTasks.TrackedVCToolTask.DeleteEmptyFile(ITaskItem[] filesToDelete) [D:\Dropbox\projects\code\monotextdisplay\build\base\CMakeFiles\3.22.1\CompilerIdC\CompilerIdC.vcxproj]
C:\Program Files\Microsoft Visual Studio\2022\Community\MSBuild\Microsoft\VC\v170\Microsoft.CppCommon.targets(1092,5): error MSB6003:    at Microsoft.Build.CPPTasks.TrackedVCToolTask.PostExecuteTool(Int32 exitCode) [D:\Dropbox\projects\code\monotextdisplay\build\base\CMakeFiles\3.22.1\CompilerIdC\CompilerIdC.vcxproj]
C:\Program Files\Microsoft Visual Studio\2022\Community\MSBuild\Microsoft\VC\v170\Microsoft.CppCommon.targets(1092,5): error MSB6003:    at Microsoft.Build.CPPTasks.TrackedVCToolTask.ExecuteTool(String pathToTool, String responseFileCommands, String commandLineCommands) [D:\Dropbox\projects\code\monotextdisplay\build\base\CMakeFiles\3.22.1\CompilerIdC\CompilerIdC.vcxproj]
C:\Program Files\Microsoft Visual Studio\2022\Community\MSBuild\Microsoft\VC\v170\Microsoft.CppCommon.targets(1092,5): error MSB6003:    at Microsoft.Build.Utilities.ToolTask.Execute() [D:\Dropbox\projects\code\monotextdisplay\build\base\CMakeFiles\3.22.1\CompilerIdC\CompilerIdC.vcxproj]
Done Building Project "D:\Dropbox\projects\code\monotextdisplay\build\base\CMakeFiles\3.22.1\CompilerIdC\CompilerIdC.vcxproj" (default targets) -- FAILED.

Build FAILED.

"D:\Dropbox\projects\code\monotextdisplay\build\base\CMakeFiles\3.22.1\CompilerIdC\CompilerIdC.vcxproj" (default target) (1) ->
(Link target) -> 
  C:\Program Files\Microsoft Visual Studio\2022\Community\MSBuild\Microsoft\VC\v170\Microsoft.CppCommon.targets(1092,5): error MSB6003: The specified task executable "link.exe" could not be run. System.IO.IOException: The process cannot access the file 'Debug\CompilerIdC.tlog\link-rc.write.1.tlog' because it is being used by another process. [D:\Dropbox\projects\code\monotextdisplay\build\base\CMakeFiles\3.22.1\CompilerIdC\CompilerIdC.vcxproj]
C:\Program Files\Microsoft Visual Studio\2022\Community\MSBuild\Microsoft\VC\v170\Microsoft.CppCommon.targets(1092,5): error MSB6003:    at System.IO.__Error.WinIOError(Int32 errorCode, String maybeFullPath) [D:\Dropbox\projects\code\monotextdisplay\build\base\CMakeFiles\3.22.1\CompilerIdC\CompilerIdC.vcxproj]
C:\Program Files\Microsoft Visual Studio\2022\Community\MSBuild\Microsoft\VC\v170\Microsoft.CppCommon.targets(1092,5): error MSB6003:    at System.IO.FileInfo.Delete() [D:\Dropbox\projects\code\monotextdisplay\build\base\CMakeFiles\3.22.1\CompilerIdC\CompilerIdC.vcxproj]
C:\Program Files\Microsoft Visual Studio\2022\Community\MSBuild\Microsoft\VC\v170\Microsoft.CppCommon.targets(1092,5): error MSB6003:    at Microsoft.Build.CPPTasks.TrackedVCToolTask.DeleteEmptyFile(ITaskItem[] filesToDelete) [D:\Dropbox\projects\code\monotextdisplay\build\base\CMakeFiles\3.22.1\CompilerIdC\CompilerIdC.vcxproj]
C:\Program Files\Microsoft Visual Studio\2022\Community\MSBuild\Microsoft\VC\v170\Microsoft.CppCommon.targets(1092,5): error MSB6003:    at Microsoft.Build.CPPTasks.TrackedVCToolTask.PostExecuteTool(Int32 exitCode) [D:\Dropbox\projects\code\monotextdisplay\build\base\CMakeFiles\3.22.1\CompilerIdC\CompilerIdC.vcxproj]
C:\Program Files\Microsoft Visual Studio\2022\Community\MSBuild\Microsoft\VC\v170\Microsoft.CppCommon.targets(1092,5): error MSB6003:    at Microsoft.Build.CPPTasks.TrackedVCToolTask.ExecuteTool(String pathToTool, String responseFileCommands, String commandLineCommands) [D:\Dropbox\projects\code\monotextdisplay\build\base\CMakeFiles\3.22.1\CompilerIdC\CompilerIdC.vcxproj]
C:\Program Files\Microsoft Visual Studio\2022\Community\MSBuild\Microsoft\VC\v170\Microsoft.CppCommon.targets(1092,5): error MSB6003:    at Microsoft.Build.Utilities.ToolTask.Execute() [D:\Dropbox\projects\code\monotextdisplay\build\base\CMakeFiles\3.22.1\CompilerIdC\CompilerIdC.vcxproj]

    0 Warning(s)
    1 Error(s)

Time Elapsed 00:00:00.91


Compiling the CXX compiler identification source file "CMakeCXXCompilerId.cpp" failed.
Compiler:  
Build flags: 
Id flags:  

The output was:
1
Microsoft (R) Build Engine version 17.1.0+ae57d105c for .NET Framework
Copyright (C) Microsoft Corporation. All rights reserved.

Build started 6/12/2022 6:20:18 AM.
Project "D:\Dropbox\projects\code\monotextdisplay\build\base\CMakeFiles\3.22.1\CompilerIdCXX\CompilerIdCXX.vcxproj" on node 1 (default targets).
PrepareForBuild:
  Creating directory "Debug\".
  Creating directory "Debug\CompilerIdCXX.tlog\".
InitializeBuildStatus:
  Creating "Debug\CompilerIdCXX.tlog\unsuccessfulbuild" because "AlwaysCreate" was specified.
ClCompile:
  C:\Program Files\Microsoft Visual Studio\2022\Community\VC\Tools\MSVC\14.31.31103\bin\HostX64\x64\CL.exe /c /nologo /W0 /WX- /diagnostics:column /Od /D _MBCS /Gm- /EHsc /RTC1 /MDd /GS /fp:precise /Zc:wchar_t /Zc:forScope /Zc:inline /Fo"Debug\\" /Fd"Debug\vc143.pdb" /external:W0 /Gd /TP /FC /errorReport:queue CMakeCXXCompilerId.cpp
  CMakeCXXCompilerId.cpp
Link:
  C:\Program Files\Microsoft Visual Studio\2022\Community\VC\Tools\MSVC\14.31.31103\bin\HostX64\x64\link.exe /ERRORREPORT:QUEUE /OUT:".\CompilerIdCXX.exe" /INCREMENTAL:NO /NOLOGO kernel32.lib user32.lib gdi32.lib winspool.lib comdlg32.lib advapi32.lib shell32.lib ole32.lib oleaut32.lib uuid.lib odbc32.lib odbccp32.lib /MANIFEST /MANIFESTUAC:"level='asInvoker' uiAccess='false'" /manifest:embed /PDB:".\CompilerIdCXX.pdb" /SUBSYSTEM:CONSOLE /TLBID:1 /DYNAMICBASE /NXCOMPAT /IMPLIB:".\CompilerIdCXX.lib" /MACHINE:X64 Debug\CMakeCXXCompilerId.obj
C:\Program Files\Microsoft Visual Studio\2022\Community\MSBuild\Microsoft\VC\v170\Microsoft.CppCommon.targets(1092,5): error MSB6003: The specified task executable "link.exe" could not be run. System.IO.IOException: The process cannot access the file 'Debug\CompilerIdCXX.tlog\link-cvtres.read.1.tlog' because it is being used by another process. [D:\Dropbox\projects\code\monotextdisplay\build\base\CMakeFiles\3.22.1\CompilerIdCXX\CompilerIdCXX.vcxproj]
C:\Program Files\Microsoft Visual Studio\2022\Community\MSBuild\Microsoft\VC\v170\Microsoft.CppCommon.targets(1092,5): error MSB6003:    at System.IO.__Error.WinIOError(Int32 errorCode, String maybeFullPath) [D:\Dropbox\projects\code\monotextdisplay\build\base\CMakeFiles\3.22.1\CompilerIdCXX\CompilerIdCXX.vcxproj]
C:\Program Files\Microsoft Visual Studio\2022\Community\MSBuild\Microsoft\VC\v170\Microsoft.CppCommon.targets(1092,5): error MSB6003:    at System.IO.FileInfo.Delete() [D:\Dropbox\projects\code\monotextdisplay\build\base\CMakeFiles\3.22.1\CompilerIdCXX\CompilerIdCXX.vcxproj]
C:\Program Files\Microsoft Visual Studio\2022\Community\MSBuild\Microsoft\VC\v170\Microsoft.CppCommon.targets(1092,5): error MSB6003:    at Microsoft.Build.CPPTasks.TrackedVCToolTask.DeleteEmptyFile(ITaskItem[] filesToDelete) [D:\Dropbox\projects\code\monotextdisplay\build\base\CMakeFiles\3.22.1\CompilerIdCXX\CompilerIdCXX.vcxproj]
C:\Program Files\Microsoft Visual Studio\2022\Community\MSBuild\Microsoft\VC\v170\Microsoft.CppCommon.targets(1092,5): error MSB6003:    at Microsoft.Build.CPPTasks.TrackedVCToolTask.PostExecuteTool(Int32 exitCode) [D:\Dropbox\projects\code\monotextdisplay\build\base\CMakeFiles\3.22.1\CompilerIdCXX\CompilerIdCXX.vcxproj]
C:\Program Files\Microsoft Visual Studio\2022\Community\MSBuild\Microsoft\VC\v170\Microsoft.CppCommon.targets(1092,5): error MSB6003:    at Microsoft.Build.CPPTasks.TrackedVCToolTask.ExecuteTool(String pathToTool, String responseFileCommands, String commandLineCommands) [D:\Dropbox\projects\code\monotextdisplay\build\base\CMakeFiles\3.22.1\CompilerIdCXX\CompilerIdCXX.vcxproj]
C:\Program Files\Microsoft Visual Studio\2022\Community\MSBuild\Microsoft\VC\v170\Microsoft.CppCommon.targets(1092,5): error MSB6003:    at Microsoft.Build.Utilities.ToolTask.Execute() [D:\Dropbox\projects\code\monotextdisplay\build\base\CMakeFiles\3.22.1\CompilerIdCXX\CompilerIdCXX.vcxproj]
Done Building Project "D:\Dropbox\projects\code\monotextdisplay\build\base\CMakeFiles\3.22.1\CompilerIdCXX\CompilerIdCXX.vcxproj" (default targets) -- FAILED.

Build FAILED.

"D:\Dropbox\projects\code\monotextdisplay\build\base\CMakeFiles\3.22.1\CompilerIdCXX\CompilerIdCXX.vcxproj" (default target) (1) ->
(Link target) -> 
  C:\Program Files\Microsoft Visual Studio\2022\Community\MSBuild\Microsoft\VC\v170\Microsoft.CppCommon.targets(1092,5): error MSB6003: The specified task executable "link.exe" could not be run. System.IO.IOException: The process cannot access the file 'Debug\CompilerIdCXX.tlog\link-cvtres.read.1.tlog' because it is being used by another process. [D:\Dropbox\projects\code\monotextdisplay\build\base\CMakeFiles\3.22.1\CompilerIdCXX\CompilerIdCXX.vcxproj]
C:\Program Files\Microsoft Visual Studio\2022\Community\MSBuild\Microsoft\VC\v170\Microsoft.CppCommon.targets(1092,5): error MSB6003:    at System.IO.__Error.WinIOError(Int32 errorCode, String maybeFullPath) [D:\Dropbox\projects\code\monotextdisplay\build\base\CMakeFiles\3.22.1\CompilerIdCXX\CompilerIdCXX.vcxproj]
C:\Program Files\Microsoft Visual Studio\2022\Community\MSBuild\Microsoft\VC\v170\Microsoft.CppCommon.targets(1092,5): error MSB6003:    at System.IO.FileInfo.Delete() [D:\Dropbox\projects\code\monotextdisplay\build\base\CMakeFiles\3.22.1\CompilerIdCXX\CompilerIdCXX.vcxproj]
C:\Program Files\Microsoft Visual Studio\2022\Community\MSBuild\Microsoft\VC\v170\Microsoft.CppCommon.targets(1092,5): error MSB6003:    at Microsoft.Build.CPPTasks.TrackedVCToolTask.DeleteEmptyFile(ITaskItem[] filesToDelete) [D:\Dropbox\projects\code\monotextdisplay\build\base\CMakeFiles\3.22.1\CompilerIdCXX\CompilerIdCXX.vcxproj]
C:\Program Files\Microsoft Visual Studio\2022\Community\MSBuild\Microsoft\VC\v170\Microsoft.CppCommon.targets(1092,5): error MSB6003:    at Microsoft.Build.CPPTasks.TrackedVCToolTask.PostExecuteTool(Int32 exitCode) [D:\Dropbox\projects\code\monotextdisplay\build\base\CMakeFiles\3.22.1\CompilerIdCXX\CompilerIdCXX.vcxproj]
C:\Program Files\Microsoft Visual Studio\2022\Community\MSBuild\Microsoft\VC\v170\Microsoft.CppCommon.targets(1092,5): error MSB6003:    at Microsoft.Build.CPPTasks.TrackedVCToolTask.ExecuteTool(String pathToTool, String responseFileCommands, String commandLineCommands) [D:\Dropbox\projects\code\monotextdisplay\build\base\CMakeFiles\3.22.1\CompilerIdCXX\CompilerIdCXX.vcxproj]
C:\Program Files\Microsoft Visual Studio\2022\Community\MSBuild\Microsoft\VC\v170\Microsoft.CppCommon.targets(1092,5): error MSB6003:    at Microsoft.Build.Utilities.ToolTask.Execute() [D:\Dropbox\projects\code\monotextdisplay\build\base\CMakeFiles\3.22.1\CompilerIdCXX\CompilerIdCXX.vcxproj]

    0 Warning(s)
    1 Error(s)

Time Elapsed 00:00:00.69


Compiling the CXX compiler identification source file "CMakeCXXCompilerId.cpp" failed.
Compiler:  
Build flags: 
Id flags:  

The output was:
1
Microsoft (R) Build Engine version 17.1.0+ae57d105c for .NET Framework
Copyright (C) Microsoft Corporation. All rights reserved.

Build started 6/12/2022 6:20:19 AM.
Project "D:\Dropbox\projects\code\monotextdisplay\build\base\CMakeFiles\3.22.1\CompilerIdCXX\CompilerIdCXX.vcxproj" on node 1 (default targets).
PrepareForBuild:
  Creating directory "Debug\".
  Creating directory "Debug\CompilerIdCXX.tlog\".
InitializeBuildStatus:
  Creating "Debug\CompilerIdCXX.tlog\unsuccessfulbuild" because "AlwaysCreate" was specified.
ClCompile:
  C:\Program Files\Microsoft Visual Studio\2022\Community\VC\Tools\MSVC\14.31.31103\bin\HostX64\x64\CL.exe /c /nologo /W0 /WX- /diagnostics:column /Od /D _MBCS /Gm- /EHsc /RTC1 /MDd /GS /fp:precise /Zc:wchar_t /Zc:forScope /Zc:inline /Fo"Debug\\" /Fd"Debug\vc143.pdb" /external:W0 /Gd /TP /FC /errorReport:queue CMakeCXXCompilerId.cpp
  CMakeCXXCompilerId.cpp
Link:
  C:\Program Files\Microsoft Visual Studio\2022\Community\VC\Tools\MSVC\14.31.31103\bin\HostX64\x64\link.exe /ERRORREPORT:QUEUE /OUT:".\CompilerIdCXX.exe" /INCREMENTAL:NO /NOLOGO kernel32.lib user32.lib gdi32.lib winspool.lib comdlg32.lib advapi32.lib shell32.lib ole32.lib oleaut32.lib uuid.lib odbc32.lib odbccp32.lib /MANIFEST /MANIFESTUAC:"level='asInvoker' uiAccess='false'" /manifest:embed /PDB:".\CompilerIdCXX.pdb" /SUBSYSTEM:CONSOLE /TLBID:1 /DYNAMICBASE /NXCOMPAT /IMPLIB:".\CompilerIdCXX.lib" /MACHINE:X64 Debug\CMakeCXXCompilerId.obj
C:\Program Files\Microsoft Visual Studio\2022\Community\MSBuild\Microsoft\VC\v170\Microsoft.CppCommon.targets(1092,5): error MSB6003: The specified task executable "link.exe" could not be run. System.IO.IOException: The process cannot access the file 'Debug\CompilerIdCXX.tlog\link-rc.write.1.tlog' because it is being used by another process. [D:\Dropbox\projects\code\monotextdisplay\build\base\CMakeFiles\3.22.1\CompilerIdCXX\CompilerIdCXX.vcxproj]
C:\Program Files\Microsoft Visual Studio\2022\Community\MSBuild\Microsoft\VC\v170\Microsoft.CppCommon.targets(1092,5): error MSB6003:    at System.IO.__Error.WinIOError(Int32 errorCode, String maybeFullPath) [D:\Dropbox\projects\code\monotextdisplay\build\base\CMakeFiles\3.22.1\CompilerIdCXX\CompilerIdCXX.vcxproj]
C:\Program Files\Microsoft Visual Studio\2022\Community\MSBuild\Microsoft\VC\v170\Microsoft.CppCommon.targets(1092,5): error MSB6003:    at System.IO.FileInfo.Delete() [D:\Dropbox\projects\code\monotextdisplay\build\base\CMakeFiles\3.22.1\CompilerIdCXX\CompilerIdCXX.vcxproj]
C:\Program Files\Microsoft Visual Studio\2022\Community\MSBuild\Microsoft\VC\v170\Microsoft.CppCommon.targets(1092,5): error MSB6003:    at Microsoft.Build.CPPTasks.TrackedVCToolTask.DeleteEmptyFile(ITaskItem[] filesToDelete) [D:\Dropbox\projects\code\monotextdisplay\build\base\CMakeFiles\3.22.1\CompilerIdCXX\CompilerIdCXX.vcxproj]
C:\Program Files\Microsoft Visual Studio\2022\Community\MSBuild\Microsoft\VC\v170\Microsoft.CppCommon.targets(1092,5): error MSB6003:    at Microsoft.Build.CPPTasks.TrackedVCToolTask.PostExecuteTool(Int32 exitCode) [D:\Dropbox\projects\code\monotextdisplay\build\base\CMakeFiles\3.22.1\CompilerIdCXX\CompilerIdCXX.vcxproj]
C:\Program Files\Microsoft Visual Studio\2022\Community\MSBuild\Microsoft\VC\v170\Microsoft.CppCommon.targets(1092,5): error MSB6003:    at Microsoft.Build.CPPTasks.TrackedVCToolTask.ExecuteTool(String pathToTool, String responseFileCommands, String commandLineCommands) [D:\Dropbox\projects\code\monotextdisplay\build\base\CMakeFiles\3.22.1\CompilerIdCXX\CompilerIdCXX.vcxproj]
C:\Program Files\Microsoft Visual Studio\2022\Community\MSBuild\Microsoft\VC\v170\Microsoft.CppCommon.targets(1092,5): error MSB6003:    at Microsoft.Build.Utilities.ToolTask.Execute() [D:\Dropbox\projects\code\monotextdisplay\build\base\CMakeFiles\3.22.1\CompilerIdCXX\CompilerIdCXX.vcxproj]
Done Building Project "D:\Dropbox\projects\code\monotextdisplay\build\base\CMakeFiles\3.22.1\CompilerIdCXX\CompilerIdCXX.vcxproj" (default targets) -- FAILED.

Build FAILED.

"D:\Dropbox\projects\code\monotextdisplay\build\base\CMakeFiles\3.22.1\CompilerIdCXX\CompilerIdCXX.vcxproj" (default target) (1) ->
(Link target) -> 
  C:\Program Files\Microsoft Visual Studio\2022\Community\MSBuild\Microsoft\VC\v170\Microsoft.CppCommon.targets(1092,5): error MSB6003: The specified task executable "link.exe" could not be run. System.IO.IOException: The process cannot access the file 'Debug\CompilerIdCXX.tlog\link-rc.write.1.tlog' because it is being used by another process. [D:\Dropbox\projects\code\monotextdisplay\build\base\CMakeFiles\3.22.1\CompilerIdCXX\CompilerIdCXX.vcxproj]
C:\Program Files\Microsoft Visual Studio\2022\Community\MSBuild\Microsoft\VC\v170\Microsoft.CppCommon.targets(1092,5): error MSB6003:    at System.IO.__Error.WinIOError(Int32 errorCode, String maybeFullPath) [D:\Dropbox\projects\code\monotextdisplay\build\base\CMakeFiles\3.22.1\CompilerIdCXX\CompilerIdCXX.vcxproj]
C:\Program Files\Microsoft Visual Studio\2022\Community\MSBuild\Microsoft\VC\v170\Microsoft.CppCommon.targets(1092,5): error MSB6003:    at System.IO.FileInfo.Delete() [D:\Dropbox\projects\code\monotextdisplay\build\base\CMakeFiles\3.22.1\CompilerIdCXX\CompilerIdCXX.vcxproj]
C:\Program Files\Microsoft Visual Studio\2022\Community\MSBuild\Microsoft\VC\v170\Microsoft.CppCommon.targets(1092,5): error MSB6003:    at Microsoft.Build.CPPTasks.TrackedVCToolTask.DeleteEmptyFile(ITaskItem[] filesToDelete) [D:\Dropbox\projects\code\monotextdisplay\build\base\CMakeFiles\3.22.1\CompilerIdCXX\CompilerIdCXX.vcxproj]
C:\Program Files\Microsoft Visual Studio\2022\Community\MSBuild\Microsoft\VC\v170\Microsoft.CppCommon.targets(1092,5): error MSB6003:    at Microsoft.Build.CPPTasks.TrackedVCToolTask.PostExecuteTool(Int32 exitCode) [D:\Dropbox\projects\code\monotextdisplay\build\base\CMakeFiles\3.22.1\CompilerIdCXX\CompilerIdCXX.vcxproj]
C:\Program Files\Microsoft Visual Studio\2022\Community\MSBuild\Microsoft\VC\v170\Microsoft.CppCommon.targets(1092,5): error MSB6003:    at Microsoft.Build.CPPTasks.TrackedVCToolTask.ExecuteTool(String pathToTool, String responseFileCommands, String commandLineCommands) [D:\Dropbox\projects\code\monotextdisplay\build\base\CMakeFiles\3.22.1\CompilerIdCXX\CompilerIdCXX.vcxproj]
C:\Program Files\Microsoft Visual Studio\2022\Community\MSBuild\Microsoft\VC\v170\Microsoft.CppCommon.targets(1092,5): error MSB6003:    at Microsoft.Build.Utilities.ToolTask.Execute() [D:\Dropbox\projects\code\monotextdisplay\build\base\CMakeFiles\3.22.1\CompilerIdCXX\CompilerIdCXX.vcxproj]

    0 Warning(s)
    1 Error(s)

Time Elapsed 00:00:00.48


Compiling the CXX compiler identification source file "CMakeCXXCompilerId.cpp" failed.
Compiler:  
Build flags: 
Id flags:  

The output was:
1
Microsoft (R) Build Engine version 17.1.0+ae57d105c for .NET Framework
Copyright (C) Microsoft Corporation. All rights reserved.

Build started 6/12/2022 6:20:40 AM.
Project "D:\Dropbox\projects\code\monotextdisplay\build\base\CMakeFiles\3.22.1\CompilerIdCXX\CompilerIdCXX.vcxproj" on node 1 (default targets).
PrepareForBuild:
  Creating directory "Debug\".
  Creating directory "Debug\CompilerIdCXX.tlog\".
InitializeBuildStatus:
  Creating "Debug\CompilerIdCXX.tlog\unsuccessfulbuild" because "AlwaysCreate" was specified.
ClCompile:
  C:\Program Files\Microsoft Visual Studio\2022\Community\VC\Tools\MSVC\14.31.31103\bin\HostX64\x64\CL.exe /c /nologo /W0 /WX- /diagnostics:column /Od /D _MBCS /Gm- /EHsc /RTC1 /MDd /GS /fp:precise /Zc:wchar_t /Zc:forScope /Zc:inline /Fo"Debug\\" /Fd"Debug\vc143.pdb" /external:W0 /Gd /TP /FC /errorReport:queue CMakeCXXCompilerId.cpp
  CMakeCXXCompilerId.cpp
Link:
  C:\Program Files\Microsoft Visual Studio\2022\Community\VC\Tools\MSVC\14.31.31103\bin\HostX64\x64\link.exe /ERRORREPORT:QUEUE /OUT:".\CompilerIdCXX.exe" /INCREMENTAL:NO /NOLOGO kernel32.lib user32.lib gdi32.lib winspool.lib comdlg32.lib advapi32.lib shell32.lib ole32.lib oleaut32.lib uuid.lib odbc32.lib odbccp32.lib /MANIFEST /MANIFESTUAC:"level='asInvoker' uiAccess='false'" /manifest:embed /PDB:".\CompilerIdCXX.pdb" /SUBSYSTEM:CONSOLE /TLBID:1 /DYNAMICBASE /NXCOMPAT /IMPLIB:".\CompilerIdCXX.lib" /MACHINE:X64 Debug\CMakeCXXCompilerId.obj
C:\Program Files\Microsoft Visual Studio\2022\Community\MSBuild\Microsoft\VC\v170\Microsoft.CppCommon.targets(1092,5): error MSB6003: The specified task executable "link.exe" could not be run. System.IO.IOException: The process cannot access the file 'Debug\CompilerIdCXX.tlog\link-cvtres.write.1.tlog' because it is being used by another process. [D:\Dropbox\projects\code\monotextdisplay\build\base\CMakeFiles\3.22.1\CompilerIdCXX\CompilerIdCXX.vcxproj]
C:\Program Files\Microsoft Visual Studio\2022\Community\MSBuild\Microsoft\VC\v170\Microsoft.CppCommon.targets(1092,5): error MSB6003:    at System.IO.__Error.WinIOError(Int32 errorCode, String maybeFullPath) [D:\Dropbox\projects\code\monotextdisplay\build\base\CMakeFiles\3.22.1\CompilerIdCXX\CompilerIdCXX.vcxproj]
C:\Program Files\Microsoft Visual Studio\2022\Community\MSBuild\Microsoft\VC\v170\Microsoft.CppCommon.targets(1092,5): error MSB6003:    at System.IO.FileInfo.Delete() [D:\Dropbox\projects\code\monotextdisplay\build\base\CMakeFiles\3.22.1\CompilerIdCXX\CompilerIdCXX.vcxproj]
C:\Program Files\Microsoft Visual Studio\2022\Community\MSBuild\Microsoft\VC\v170\Microsoft.CppCommon.targets(1092,5): error MSB6003:    at Microsoft.Build.CPPTasks.TrackedVCToolTask.DeleteEmptyFile(ITaskItem[] filesToDelete) [D:\Dropbox\projects\code\monotextdisplay\build\base\CMakeFiles\3.22.1\CompilerIdCXX\CompilerIdCXX.vcxproj]
C:\Program Files\Microsoft Visual Studio\2022\Community\MSBuild\Microsoft\VC\v170\Microsoft.CppCommon.targets(1092,5): error MSB6003:    at Microsoft.Build.CPPTasks.TrackedVCToolTask.PostExecuteTool(Int32 exitCode) [D:\Dropbox\projects\code\monotextdisplay\build\base\CMakeFiles\3.22.1\CompilerIdCXX\CompilerIdCXX.vcxproj]
C:\Program Files\Microsoft Visual Studio\2022\Community\MSBuild\Microsoft\VC\v170\Microsoft.CppCommon.targets(1092,5): error MSB6003:    at Microsoft.Build.CPPTasks.TrackedVCToolTask.ExecuteTool(String pathToTool, String responseFileCommands, String commandLineCommands) [D:\Dropbox\projects\code\monotextdisplay\build\base\CMakeFiles\3.22.1\CompilerIdCXX\CompilerIdCXX.vcxproj]
C:\Program Files\Microsoft Visual Studio\2022\Community\MSBuild\Microsoft\VC\v170\Microsoft.CppCommon.targets(1092,5): error MSB6003:    at Microsoft.Build.Utilities.ToolTask.Execute() [D:\Dropbox\projects\code\monotextdisplay\build\base\CMakeFiles\3.22.1\CompilerIdCXX\CompilerIdCXX.vcxproj]
Done Building Project "D:\Dropbox\projects\code\monotextdisplay\build\base\CMakeFiles\3.22.1\CompilerIdCXX\CompilerIdCXX.vcxproj" (default targets) -- FAILED.

Build FAILED.

"D:\Dropbox\projects\code\monotextdisplay\build\base\CMakeFiles\3.22.1\CompilerIdCXX\CompilerIdCXX.vcxproj" (default target) (1) ->
(Link target) -> 
  C:\Program Files\Microsoft Visual Studio\2022\Community\MSBuild\Microsoft\VC\v170\Microsoft.CppCommon.targets(1092,5): error MSB6003: The specified task executable "link.exe" could not be run. System.IO.IOException: The process cannot access the file 'Debug\CompilerIdCXX.tlog\link-cvtres.write.1.tlog' because it is being used by another process. [D:\Dropbox\projects\code\monotextdisplay\build\base\CMakeFiles\3.22.1\CompilerIdCXX\CompilerIdCXX.vcxproj]
C:\Program Files\Microsoft Visual Studio\2022\Community\MSBuild\Microsoft\VC\v170\Microsoft.CppCommon.targets(1092,5): error MSB6003:    at System.IO.__Error.WinIOError(Int32 errorCode, String maybeFullPath) [D:\Dropbox\projects\code\monotextdisplay\build\base\CMakeFiles\3.22.1\CompilerIdCXX\CompilerIdCXX.vcxproj]
C:\Program Files\Microsoft Visual Studio\2022\Community\MSBuild\Microsoft\VC\v170\Microsoft.CppCommon.targets(1092,5): error MSB6003:    at System.IO.FileInfo.Delete() [D:\Dropbox\projects\code\monotextdisplay\build\base\CMakeFiles\3.22.1\CompilerIdCXX\CompilerIdCXX.vcxproj]
C:\Program Files\Microsoft Visual Studio\2022\Community\MSBuild\Microsoft\VC\v170\Microsoft.CppCommon.targets(1092,5): error MSB6003:    at Microsoft.Build.CPPTasks.TrackedVCToolTask.DeleteEmptyFile(ITaskItem[] filesToDelete) [D:\Dropbox\projects\code\monotextdisplay\build\base\CMakeFiles\3.22.1\CompilerIdCXX\CompilerIdCXX.vcxproj]
C:\Program Files\Microsoft Visual Studio\2022\Community\MSBuild\Microsoft\VC\v170\Microsoft.CppCommon.targets(1092,5): error MSB6003:    at Microsoft.Build.CPPTasks.TrackedVCToolTask.PostExecuteTool(Int32 exitCode) [D:\Dropbox\projects\code\monotextdisplay\build\base\CMakeFiles\3.22.1\CompilerIdCXX\CompilerIdCXX.vcxproj]
C:\Program Files\Microsoft Visual Studio\2022\Community\MSBuild\Microsoft\VC\v170\Microsoft.CppCommon.targets(1092,5): error MSB6003:    at Microsoft.Build.CPPTasks.TrackedVCToolTask.ExecuteTool(String pathToTool, String responseFileCommands, String commandLineCommands) [D:\Dropbox\projects\code\monotextdisplay\build\base\CMakeFiles\3.22.1\CompilerIdCXX\CompilerIdCXX.vcxproj]
C:\Program Files\Microsoft Visual Studio\2022\Community\MSBuild\Microsoft\VC\v170\Microsoft.CppCommon.targets(1092,5): error MSB6003:    at Microsoft.Build.Utilities.ToolTask.Execute() [D:\Dropbox\projects\code\monotextdisplay\build\base\CMakeFiles\3.22.1\CompilerIdCXX\CompilerIdCXX.vcxproj]

    0 Warning(s)
    1 Error(s)

Time Elapsed 00:00:00.62


Compiling the CXX compiler identification source file "CMakeCXXCompilerId.cpp" failed.
Compiler:  
Build flags: 
Id flags:  

The output was:
1
Microsoft (R) Build Engine version 17.1.0+ae57d105c for .NET Framework
Copyright (C) Microsoft Corporation. All rights reserved.

Build started 6/12/2022 6:20:42 AM.
Project "D:\Dropbox\projects\code\monotextdisplay\build\base\CMakeFiles\3.22.1\CompilerIdCXX\CompilerIdCXX.vcxproj" on node 1 (default targets).
PrepareForBuild:
  Creating directory "Debug\".
  Creating directory "Debug\CompilerIdCXX.tlog\".
InitializeBuildStatus:
  Creating "Debug\CompilerIdCXX.tlog\unsuccessfulbuild" because "AlwaysCreate" was specified.
ClCompile:
  C:\Program Files\Microsoft Visual Studio\2022\Community\VC\Tools\MSVC\14.31.31103\bin\HostX64\x64\CL.exe /c /nologo /W0 /WX- /diagnostics:column /Od /D _MBCS /Gm- /EHsc /RTC1 /MDd /GS /fp:precise /Zc:wchar_t /Zc:forScope /Zc:inline /Fo"Debug\\" /Fd"Debug\vc143.pdb" /external:W0 /Gd /TP /FC /errorReport:queue CMakeCXXCompilerId.cpp
  CMakeCXXCompilerId.cpp
Link:
  C:\Program Files\Microsoft Visual Studio\2022\Community\VC\Tools\MSVC\14.31.31103\bin\HostX64\x64\link.exe /ERRORREPORT:QUEUE /OUT:".\CompilerIdCXX.exe" /INCREMENTAL:NO /NOLOGO kernel32.lib user32.lib gdi32.lib winspool.lib comdlg32.lib advapi32.lib shell32.lib ole32.lib oleaut32.lib uuid.lib odbc32.lib odbccp32.lib /MANIFEST /MANIFESTUAC:"level='asInvoker' uiAccess='false'" /manifest:embed /PDB:".\CompilerIdCXX.pdb" /SUBSYSTEM:CONSOLE /TLBID:1 /DYNAMICBASE /NXCOMPAT /IMPLIB:".\CompilerIdCXX.lib" /MACHINE:X64 Debug\CMakeCXXCompilerId.obj
C:\Program Files\Microsoft Visual Studio\2022\Community\MSBuild\Microsoft\VC\v170\Microsoft.CppCommon.targets(1092,5): error MSB6003: The specified task executable "link.exe" could not be run. System.IO.IOException: The process cannot access the file 'Debug\CompilerIdCXX.tlog\link-rc.write.1.tlog' because it is being used by another process. [D:\Dropbox\projects\code\monotextdisplay\build\base\CMakeFiles\3.22.1\CompilerIdCXX\CompilerIdCXX.vcxproj]
C:\Program Files\Microsoft Visual Studio\2022\Community\MSBuild\Microsoft\VC\v170\Microsoft.CppCommon.targets(1092,5): error MSB6003:    at System.IO.__Error.WinIOError(Int32 errorCode, String maybeFullPath) [D:\Dropbox\projects\code\monotextdisplay\build\base\CMakeFiles\3.22.1\CompilerIdCXX\CompilerIdCXX.vcxproj]
C:\Program Files\Microsoft Visual Studio\2022\Community\MSBuild\Microsoft\VC\v170\Microsoft.CppCommon.targets(1092,5): error MSB6003:    at System.IO.FileInfo.Delete() [D:\Dropbox\projects\code\monotextdisplay\build\base\CMakeFiles\3.22.1\CompilerIdCXX\CompilerIdCXX.vcxproj]
C:\Program Files\Microsoft Visual Studio\2022\Community\MSBuild\Microsoft\VC\v170\Microsoft.CppCommon.targets(1092,5): error MSB6003:    at Microsoft.Build.CPPTasks.TrackedVCToolTask.DeleteEmptyFile(ITaskItem[] filesToDelete) [D:\Dropbox\projects\code\monotextdisplay\build\base\CMakeFiles\3.22.1\CompilerIdCXX\CompilerIdCXX.vcxproj]
C:\Program Files\Microsoft Visual Studio\2022\Community\MSBuild\Microsoft\VC\v170\Microsoft.CppCommon.targets(1092,5): error MSB6003:    at Microsoft.Build.CPPTasks.TrackedVCToolTask.PostExecuteTool(Int32 exitCode) [D:\Dropbox\projects\code\monotextdisplay\build\base\CMakeFiles\3.22.1\CompilerIdCXX\CompilerIdCXX.vcxproj]
C:\Program Files\Microsoft Visual Studio\2022\Community\MSBuild\Microsoft\VC\v170\Microsoft.CppCommon.targets(1092,5): error MSB6003:    at Microsoft.Build.CPPTasks.TrackedVCToolTask.ExecuteTool(String pathToTool, String responseFileCommands, String commandLineCommands) [D:\Dropbox\projects\code\monotextdisplay\build\base\CMakeFiles\3.22.1\CompilerIdCXX\CompilerIdCXX.vcxproj]
C:\Program Files\Microsoft Visual Studio\2022\Community\MSBuild\Microsoft\VC\v170\Microsoft.CppCommon.targets(1092,5): error MSB6003:    at Microsoft.Build.Utilities.ToolTask.Execute() [D:\Dropbox\projects\code\monotextdisplay\build\base\CMakeFiles\3.22.1\CompilerIdCXX\CompilerIdCXX.vcxproj]
Done Building Project "D:\Dropbox\projects\code\monotextdisplay\build\base\CMakeFiles\3.22.1\CompilerIdCXX\CompilerIdCXX.vcxproj" (default targets) -- FAILED.

Build FAILED.

"D:\Dropbox\projects\code\monotextdisplay\build\base\CMakeFiles\3.22.1\CompilerIdCXX\CompilerIdCXX.vcxproj" (default target) (1) ->
(Link target) -> 
  C:\Program Files\Microsoft Visual Studio\2022\Community\MSBuild\Microsoft\VC\v170\Microsoft.CppCommon.targets(1092,5): error MSB6003: The specified task executable "link.exe" could not be run. System.IO.IOException: The process cannot access the file 'Debug\CompilerIdCXX.tlog\link-rc.write.1.tlog' because it is being used by another process. [D:\Dropbox\projects\code\monotextdisplay\build\base\CMakeFiles\3.22.1\CompilerIdCXX\CompilerIdCXX.vcxproj]
C:\Program Files\Microsoft Visual Studio\2022\Community\MSBuild\Microsoft\VC\v170\Microsoft.CppCommon.targets(1092,5): error MSB6003:    at System.IO.__Error.WinIOError(Int32 errorCode, String maybeFullPath) [D:\Dropbox\projects\code\monotextdisplay\build\base\CMakeFiles\3.22.1\CompilerIdCXX\CompilerIdCXX.vcxproj]
C:\Program Files\Microsoft Visual Studio\2022\Community\MSBuild\Microsoft\VC\v170\Microsoft.CppCommon.targets(1092,5): error MSB6003:    at System.IO.FileInfo.Delete() [D:\Dropbox\projects\code\monotextdisplay\build\base\CMakeFiles\3.22.1\CompilerIdCXX\CompilerIdCXX.vcxproj]
C:\Program Files\Microsoft Visual Studio\2022\Community\MSBuild\Microsoft\VC\v170\Microsoft.CppCommon.targets(1092,5): error MSB6003:    at Microsoft.Build.CPPTasks.TrackedVCToolTask.DeleteEmptyFile(ITaskItem[] filesToDelete) [D:\Dropbox\projects\code\monotextdisplay\build\base\CMakeFiles\3.22.1\CompilerIdCXX\CompilerIdCXX.vcxproj]
C:\Program Files\Microsoft Visual Studio\2022\Community\MSBuild\Microsoft\VC\v170\Microsoft.CppCommon.targets(1092,5): error MSB6003:    at Microsoft.Build.CPPTasks.TrackedVCToolTask.PostExecuteTool(Int32 exitCode) [D:\Dropbox\projects\code\monotextdisplay\build\base\CMakeFiles\3.22.1\CompilerIdCXX\CompilerIdCXX.vcxproj]
C:\Program Files\Microsoft Visual Studio\2022\Community\MSBuild\Microsoft\VC\v170\Microsoft.CppCommon.targets(1092,5): error MSB6003:    at Microsoft.Build.CPPTasks.TrackedVCToolTask.ExecuteTool(String pathToTool, String responseFileCommands, String commandLineCommands) [D:\Dropbox\projects\code\monotextdisplay\build\base\CMakeFiles\3.22.1\CompilerIdCXX\CompilerIdCXX.vcxproj]
C:\Program Files\Microsoft Visual Studio\2022\Community\MSBuild\Microsoft\VC\v170\Microsoft.CppCommon.targets(1092,5): error MSB6003:    at Microsoft.Build.Utilities.ToolTask.Execute() [D:\Dropbox\projects\code\monotextdisplay\build\base\CMakeFiles\3.22.1\CompilerIdCXX\CompilerIdCXX.vcxproj]

    0 Warning(s)
    1 Error(s)

Time Elapsed 00:00:00.54


Compiling the CXX compiler identification source file "CMakeCXXCompilerId.cpp" failed.
Compiler:  
Build flags: 
Id flags:  

The output was:
1
Microsoft (R) Build Engine version 17.1.0+ae57d105c for .NET Framework
Copyright (C) Microsoft Corporation. All rights reserved.

Build started 6/12/2022 6:21:45 AM.
Project "D:\Dropbox\projects\code\monotextdisplay\build\base\CMakeFiles\3.22.1\CompilerIdCXX\CompilerIdCXX.vcxproj" on node 1 (default targets).
PrepareForBuild:
  Creating directory "Debug\".
  Creating directory "Debug\CompilerIdCXX.tlog\".
InitializeBuildStatus:
  Creating "Debug\CompilerIdCXX.tlog\unsuccessfulbuild" because "AlwaysCreate" was specified.
ClCompile:
  C:\Program Files\Microsoft Visual Studio\2022\Community\VC\Tools\MSVC\14.31.31103\bin\HostX64\x64\CL.exe /c /nologo /W0 /WX- /diagnostics:column /Od /D _MBCS /Gm- /EHsc /RTC1 /MDd /GS /fp:precise /Zc:wchar_t /Zc:forScope /Zc:inline /Fo"Debug\\" /Fd"Debug\vc143.pdb" /external:W0 /Gd /TP /FC /errorReport:queue CMakeCXXCompilerId.cpp
  CMakeCXXCompilerId.cpp
Link:
  C:\Program Files\Microsoft Visual Studio\2022\Community\VC\Tools\MSVC\14.31.31103\bin\HostX64\x64\link.exe /ERRORREPORT:QUEUE /OUT:".\CompilerIdCXX.exe" /INCREMENTAL:NO /NOLOGO kernel32.lib user32.lib gdi32.lib winspool.lib comdlg32.lib advapi32.lib shell32.lib ole32.lib oleaut32.lib uuid.lib odbc32.lib odbccp32.lib /MANIFEST /MANIFESTUAC:"level='asInvoker' uiAccess='false'" /manifest:embed /PDB:".\CompilerIdCXX.pdb" /SUBSYSTEM:CONSOLE /TLBID:1 /DYNAMICBASE /NXCOMPAT /IMPLIB:".\CompilerIdCXX.lib" /MACHINE:X64 Debug\CMakeCXXCompilerId.obj
C:\Program Files\Microsoft Visual Studio\2022\Community\MSBuild\Microsoft\VC\v170\Microsoft.CppCommon.targets(1092,5): error MSB6003: The specified task executable "link.exe" could not be run. System.IO.IOException: The process cannot access the file 'Debug\CompilerIdCXX.tlog\link-cvtres.read.1.tlog' because it is being used by another process. [D:\Dropbox\projects\code\monotextdisplay\build\base\CMakeFiles\3.22.1\CompilerIdCXX\CompilerIdCXX.vcxproj]
C:\Program Files\Microsoft Visual Studio\2022\Community\MSBuild\Microsoft\VC\v170\Microsoft.CppCommon.targets(1092,5): error MSB6003:    at System.IO.__Error.WinIOError(Int32 errorCode, String maybeFullPath) [D:\Dropbox\projects\code\monotextdisplay\build\base\CMakeFiles\3.22.1\CompilerIdCXX\CompilerIdCXX.vcxproj]
C:\Program Files\Microsoft Visual Studio\2022\Community\MSBuild\Microsoft\VC\v170\Microsoft.CppCommon.targets(1092,5): error MSB6003:    at System.IO.FileInfo.Delete() [D:\Dropbox\projects\code\monotextdisplay\build\base\CMakeFiles\3.22.1\CompilerIdCXX\CompilerIdCXX.vcxproj]
C:\Program Files\Microsoft Visual Studio\2022\Community\MSBuild\Microsoft\VC\v170\Microsoft.CppCommon.targets(1092,5): error MSB6003:    at Microsoft.Build.CPPTasks.TrackedVCToolTask.DeleteEmptyFile(ITaskItem[] filesToDelete) [D:\Dropbox\projects\code\monotextdisplay\build\base\CMakeFiles\3.22.1\CompilerIdCXX\CompilerIdCXX.vcxproj]
C:\Program Files\Microsoft Visual Studio\2022\Community\MSBuild\Microsoft\VC\v170\Microsoft.CppCommon.targets(1092,5): error MSB6003:    at Microsoft.Build.CPPTasks.TrackedVCToolTask.PostExecuteTool(Int32 exitCode) [D:\Dropbox\projects\code\monotextdisplay\build\base\CMakeFiles\3.22.1\CompilerIdCXX\CompilerIdCXX.vcxproj]
C:\Program Files\Microsoft Visual Studio\2022\Community\MSBuild\Microsoft\VC\v170\Microsoft.CppCommon.targets(1092,5): error MSB6003:    at Microsoft.Build.CPPTasks.TrackedVCToolTask.ExecuteTool(String pathToTool, String responseFileCommands, String commandLineCommands) [D:\Dropbox\projects\code\monotextdisplay\build\base\CMakeFiles\3.22.1\CompilerIdCXX\CompilerIdCXX.vcxproj]
C:\Program Files\Microsoft Visual Studio\2022\Community\MSBuild\Microsoft\VC\v170\Microsoft.CppCommon.targets(1092,5): error MSB6003:    at Microsoft.Build.Utilities.ToolTask.Execute() [D:\Dropbox\projects\code\monotextdisplay\build\base\CMakeFiles\3.22.1\CompilerIdCXX\CompilerIdCXX.vcxproj]
Done Building Project "D:\Dropbox\projects\code\monotextdisplay\build\base\CMakeFiles\3.22.1\CompilerIdCXX\CompilerIdCXX.vcxproj" (default targets) -- FAILED.

Build FAILED.

"D:\Dropbox\projects\code\monotextdisplay\build\base\CMakeFiles\3.22.1\CompilerIdCXX\CompilerIdCXX.vcxproj" (default target) (1) ->
(Link target) -> 
  C:\Program Files\Microsoft Visual Studio\2022\Community\MSBuild\Microsoft\VC\v170\Microsoft.CppCommon.targets(1092,5): error MSB6003: The specified task executable "link.exe" could not be run. System.IO.IOException: The process cannot access the file 'Debug\CompilerIdCXX.tlog\link-cvtres.read.1.tlog' because it is being used by another process. [D:\Dropbox\projects\code\monotextdisplay\build\base\CMakeFiles\3.22.1\CompilerIdCXX\CompilerIdCXX.vcxproj]
C:\Program Files\Microsoft Visual Studio\2022\Community\MSBuild\Microsoft\VC\v170\Microsoft.CppCommon.targets(1092,5): error MSB6003:    at System.IO.__Error.WinIOError(Int32 errorCode, String maybeFullPath) [D:\Dropbox\projects\code\monotextdisplay\build\base\CMakeFiles\3.22.1\CompilerIdCXX\CompilerIdCXX.vcxproj]
C:\Program Files\Microsoft Visual Studio\2022\Community\MSBuild\Microsoft\VC\v170\Microsoft.CppCommon.targets(1092,5): error MSB6003:    at System.IO.FileInfo.Delete() [D:\Dropbox\projects\code\monotextdisplay\build\base\CMakeFiles\3.22.1\CompilerIdCXX\CompilerIdCXX.vcxproj]
C:\Program Files\Microsoft Visual Studio\2022\Community\MSBuild\Microsoft\VC\v170\Microsoft.CppCommon.targets(1092,5): error MSB6003:    at Microsoft.Build.CPPTasks.TrackedVCToolTask.DeleteEmptyFile(ITaskItem[] filesToDelete) [D:\Dropbox\projects\code\monotextdisplay\build\base\CMakeFiles\3.22.1\CompilerIdCXX\CompilerIdCXX.vcxproj]
C:\Program Files\Microsoft Visual Studio\2022\Community\MSBuild\Microsoft\VC\v170\Microsoft.CppCommon.targets(1092,5): error MSB6003:    at Microsoft.Build.CPPTasks.TrackedVCToolTask.PostExecuteTool(Int32 exitCode) [D:\Dropbox\projects\code\monotextdisplay\build\base\CMakeFiles\3.22.1\CompilerIdCXX\CompilerIdCXX.vcxproj]
C:\Program Files\Microsoft Visual Studio\2022\Community\MSBuild\Microsoft\VC\v170\Microsoft.CppCommon.targets(1092,5): error MSB6003:    at Microsoft.Build.CPPTasks.TrackedVCToolTask.ExecuteTool(String pathToTool, String responseFileCommands, String commandLineCommands) [D:\Dropbox\projects\code\monotextdisplay\build\base\CMakeFiles\3.22.1\CompilerIdCXX\CompilerIdCXX.vcxproj]
C:\Program Files\Microsoft Visual Studio\2022\Community\MSBuild\Microsoft\VC\v170\Microsoft.CppCommon.targets(1092,5): error MSB6003:    at Microsoft.Build.Utilities.ToolTask.Execute() [D:\Dropbox\projects\code\monotextdisplay\build\base\CMakeFiles\3.22.1\CompilerIdCXX\CompilerIdCXX.vcxproj]

    0 Warning(s)
    1 Error(s)

Time Elapsed 00:00:00.80


Compiling the CXX compiler identification source file "CMakeCXXCompilerId.cpp" failed.
Compiler:  
Build flags: 
Id flags:  

The output was:
1
Microsoft (R) Build Engine version 17.1.0+ae57d105c for .NET Framework
Copyright (C) Microsoft Corporation. All rights reserved.

Build started 6/12/2022 6:21:47 AM.
Project "D:\Dropbox\projects\code\monotextdisplay\build\base\CMakeFiles\3.22.1\CompilerIdCXX\CompilerIdCXX.vcxproj" on node 1 (default targets).
PrepareForBuild:
  Creating directory "Debug\".
  Creating directory "Debug\CompilerIdCXX.tlog\".
InitializeBuildStatus:
  Creating "Debug\CompilerIdCXX.tlog\unsuccessfulbuild" because "AlwaysCreate" was specified.
ClCompile:
  C:\Program Files\Microsoft Visual Studio\2022\Community\VC\Tools\MSVC\14.31.31103\bin\HostX64\x64\CL.exe /c /nologo /W0 /WX- /diagnostics:column /Od /D _MBCS /Gm- /EHsc /RTC1 /MDd /GS /fp:precise /Zc:wchar_t /Zc:forScope /Zc:inline /Fo"Debug\\" /Fd"Debug\vc143.pdb" /external:W0 /Gd /TP /FC /errorReport:queue CMakeCXXCompilerId.cpp
  CMakeCXXCompilerId.cpp
Link:
  C:\Program Files\Microsoft Visual Studio\2022\Community\VC\Tools\MSVC\14.31.31103\bin\HostX64\x64\link.exe /ERRORREPORT:QUEUE /OUT:".\CompilerIdCXX.exe" /INCREMENTAL:NO /NOLOGO kernel32.lib user32.lib gdi32.lib winspool.lib comdlg32.lib advapi32.lib shell32.lib ole32.lib oleaut32.lib uuid.lib odbc32.lib odbccp32.lib /MANIFEST /MANIFESTUAC:"level='asInvoker' uiAccess='false'" /manifest:embed /PDB:".\CompilerIdCXX.pdb" /SUBSYSTEM:CONSOLE /TLBID:1 /DYNAMICBASE /NXCOMPAT /IMPLIB:".\CompilerIdCXX.lib" /MACHINE:X64 Debug\CMakeCXXCompilerId.obj
C:\Program Files\Microsoft Visual Studio\2022\Community\MSBuild\Microsoft\VC\v170\Microsoft.CppCommon.targets(1092,5): error MSB6003: The specified task executable "link.exe" could not be run. System.IO.IOException: The process cannot access the file 'Debug\CompilerIdCXX.tlog\link-cvtres.write.1.tlog' because it is being used by another process. [D:\Dropbox\projects\code\monotextdisplay\build\base\CMakeFiles\3.22.1\CompilerIdCXX\CompilerIdCXX.vcxproj]
C:\Program Files\Microsoft Visual Studio\2022\Community\MSBuild\Microsoft\VC\v170\Microsoft.CppCommon.targets(1092,5): error MSB6003:    at System.IO.__Error.WinIOError(Int32 errorCode, String maybeFullPath) [D:\Dropbox\projects\code\monotextdisplay\build\base\CMakeFiles\3.22.1\CompilerIdCXX\CompilerIdCXX.vcxproj]
C:\Program Files\Microsoft Visual Studio\2022\Community\MSBuild\Microsoft\VC\v170\Microsoft.CppCommon.targets(1092,5): error MSB6003:    at System.IO.FileInfo.Delete() [D:\Dropbox\projects\code\monotextdisplay\build\base\CMakeFiles\3.22.1\CompilerIdCXX\CompilerIdCXX.vcxproj]
C:\Program Files\Microsoft Visual Studio\2022\Community\MSBuild\Microsoft\VC\v170\Microsoft.CppCommon.targets(1092,5): error MSB6003:    at Microsoft.Build.CPPTasks.TrackedVCToolTask.DeleteEmptyFile(ITaskItem[] filesToDelete) [D:\Dropbox\projects\code\monotextdisplay\build\base\CMakeFiles\3.22.1\CompilerIdCXX\CompilerIdCXX.vcxproj]
C:\Program Files\Microsoft Visual Studio\2022\Community\MSBuild\Microsoft\VC\v170\Microsoft.CppCommon.targets(1092,5): error MSB6003:    at Microsoft.Build.CPPTasks.TrackedVCToolTask.PostExecuteTool(Int32 exitCode) [D:\Dropbox\projects\code\monotextdisplay\build\base\CMakeFiles\3.22.1\CompilerIdCXX\CompilerIdCXX.vcxproj]
C:\Program Files\Microsoft Visual Studio\2022\Community\MSBuild\Microsoft\VC\v170\Microsoft.CppCommon.targets(1092,5): error MSB6003:    at Microsoft.Build.CPPTasks.TrackedVCToolTask.ExecuteTool(String pathToTool, String responseFileCommands, String commandLineCommands) [D:\Dropbox\projects\code\monotextdisplay\build\base\CMakeFiles\3.22.1\CompilerIdCXX\CompilerIdCXX.vcxproj]
C:\Program Files\Microsoft Visual Studio\2022\Community\MSBuild\Microsoft\VC\v170\Microsoft.CppCommon.targets(1092,5): error MSB6003:    at Microsoft.Build.Utilities.ToolTask.Execute() [D:\Dropbox\projects\code\monotextdisplay\build\base\CMakeFiles\3.22.1\CompilerIdCXX\CompilerIdCXX.vcxproj]
Done Building Project "D:\Dropbox\projects\code\monotextdisplay\build\base\CMakeFiles\3.22.1\CompilerIdCXX\CompilerIdCXX.vcxproj" (default targets) -- FAILED.

Build FAILED.

"D:\Dropbox\projects\code\monotextdisplay\build\base\CMakeFiles\3.22.1\CompilerIdCXX\CompilerIdCXX.vcxproj" (default target) (1) ->
(Link target) -> 
  C:\Program Files\Microsoft Visual Studio\2022\Community\MSBuild\Microsoft\VC\v170\Microsoft.CppCommon.targets(1092,5): error MSB6003: The specified task executable "link.exe" could not be run. System.IO.IOException: The process cannot access the file 'Debug\CompilerIdCXX.tlog\link-cvtres.write.1.tlog' because it is being used by another process. [D:\Dropbox\projects\code\monotextdisplay\build\base\CMakeFiles\3.22.1\CompilerIdCXX\CompilerIdCXX.vcxproj]
C:\Program Files\Microsoft Visual Studio\2022\Community\MSBuild\Microsoft\VC\v170\Microsoft.CppCommon.targets(1092,5): error MSB6003:    at System.IO.__Error.WinIOError(Int32 errorCode, String maybeFullPath) [D:\Dropbox\projects\code\monotextdisplay\build\base\CMakeFiles\3.22.1\CompilerIdCXX\CompilerIdCXX.vcxproj]
C:\Program Files\Microsoft Visual Studio\2022\Community\MSBuild\Microsoft\VC\v170\Microsoft.CppCommon.targets(1092,5): error MSB6003:    at System.IO.FileInfo.Delete() [D:\Dropbox\projects\code\monotextdisplay\build\base\CMakeFiles\3.22.1\CompilerIdCXX\CompilerIdCXX.vcxproj]
C:\Program Files\Microsoft Visual Studio\2022\Community\MSBuild\Microsoft\VC\v170\Microsoft.CppCommon.targets(1092,5): error MSB6003:    at Microsoft.Build.CPPTasks.TrackedVCToolTask.DeleteEmptyFile(ITaskItem[] filesToDelete) [D:\Dropbox\projects\code\monotextdisplay\build\base\CMakeFiles\3.22.1\CompilerIdCXX\CompilerIdCXX.vcxproj]
C:\Program Files\Microsoft Visual Studio\2022\Community\MSBuild\Microsoft\VC\v170\Microsoft.CppCommon.targets(1092,5): error MSB6003:    at Microsoft.Build.CPPTasks.TrackedVCToolTask.PostExecuteTool(Int32 exitCode) [D:\Dropbox\projects\code\monotextdisplay\build\base\CMakeFiles\3.22.1\CompilerIdCXX\CompilerIdCXX.vcxproj]
C:\Program Files\Microsoft Visual Studio\2022\Community\MSBuild\Microsoft\VC\v170\Microsoft.CppCommon.targets(1092,5): error MSB6003:    at Microsoft.Build.CPPTasks.TrackedVCToolTask.ExecuteTool(String pathToTool, String responseFileCommands, String commandLineCommands) [D:\Dropbox\projects\code\monotextdisplay\build\base\CMakeFiles\3.22.1\CompilerIdCXX\CompilerIdCXX.vcxproj]
C:\Program Files\Microsoft Visual Studio\2022\Community\MSBuild\Microsoft\VC\v170\Microsoft.CppCommon.targets(1092,5): error MSB6003:    at Microsoft.Build.Utilities.ToolTask.Execute() [D:\Dropbox\projects\code\monotextdisplay\build\base\CMakeFiles\3.22.1\CompilerIdCXX\CompilerIdCXX.vcxproj]

    0 Warning(s)
    1 Error(s)

Time Elapsed 00:00:00.63


Compiling the CXX compiler identification source file "CMakeCXXCompilerId.cpp" failed.
Compiler:  
Build flags: 
Id flags:  

The output was:
1
Microsoft (R) Build Engine version 17.1.0+ae57d105c for .NET Framework
Copyright (C) Microsoft Corporation. All rights reserved.

Build started 6/12/2022 6:23:12 AM.
Project "D:\Dropbox\projects\code\monotextdisplay\build\base\CMakeFiles\3.22.1\CompilerIdCXX\CompilerIdCXX.vcxproj" on node 1 (default targets).
PrepareForBuild:
  Creating directory "Debug\".
  Creating directory "Debug\CompilerIdCXX.tlog\".
InitializeBuildStatus:
  Creating "Debug\CompilerIdCXX.tlog\unsuccessfulbuild" because "AlwaysCreate" was specified.
ClCompile:
  C:\Program Files\Microsoft Visual Studio\2022\Community\VC\Tools\MSVC\14.31.31103\bin\HostX64\x64\CL.exe /c /nologo /W0 /WX- /diagnostics:column /Od /D _MBCS /Gm- /EHsc /RTC1 /MDd /GS /fp:precise /Zc:wchar_t /Zc:forScope /Zc:inline /Fo"Debug\\" /Fd"Debug\vc143.pdb" /external:W0 /Gd /TP /FC /errorReport:queue CMakeCXXCompilerId.cpp
  CMakeCXXCompilerId.cpp
Link:
  C:\Program Files\Microsoft Visual Studio\2022\Community\VC\Tools\MSVC\14.31.31103\bin\HostX64\x64\link.exe /ERRORREPORT:QUEUE /OUT:".\CompilerIdCXX.exe" /INCREMENTAL:NO /NOLOGO kernel32.lib user32.lib gdi32.lib winspool.lib comdlg32.lib advapi32.lib shell32.lib ole32.lib oleaut32.lib uuid.lib odbc32.lib odbccp32.lib /MANIFEST /MANIFESTUAC:"level='asInvoker' uiAccess='false'" /manifest:embed /PDB:".\CompilerIdCXX.pdb" /SUBSYSTEM:CONSOLE /TLBID:1 /DYNAMICBASE /NXCOMPAT /IMPLIB:".\CompilerIdCXX.lib" /MACHINE:X64 Debug\CMakeCXXCompilerId.obj
C:\Program Files\Microsoft Visual Studio\2022\Community\MSBuild\Microsoft\VC\v170\Microsoft.CppCommon.targets(1092,5): error MSB6003: The specified task executable "link.exe" could not be run. System.IO.IOException: The process cannot access the file 'Debug\CompilerIdCXX.tlog\link-cvtres.write.1.tlog' because it is being used by another process. [D:\Dropbox\projects\code\monotextdisplay\build\base\CMakeFiles\3.22.1\CompilerIdCXX\CompilerIdCXX.vcxproj]
C:\Program Files\Microsoft Visual Studio\2022\Community\MSBuild\Microsoft\VC\v170\Microsoft.CppCommon.targets(1092,5): error MSB6003:    at System.IO.__Error.WinIOError(Int32 errorCode, String maybeFullPath) [D:\Dropbox\projects\code\monotextdisplay\build\base\CMakeFiles\3.22.1\CompilerIdCXX\CompilerIdCXX.vcxproj]
C:\Program Files\Microsoft Visual Studio\2022\Community\MSBuild\Microsoft\VC\v170\Microsoft.CppCommon.targets(1092,5): error MSB6003:    at System.IO.FileInfo.Delete() [D:\Dropbox\projects\code\monotextdisplay\build\base\CMakeFiles\3.22.1\CompilerIdCXX\CompilerIdCXX.vcxproj]
C:\Program Files\Microsoft Visual Studio\2022\Community\MSBuild\Microsoft\VC\v170\Microsoft.CppCommon.targets(1092,5): error MSB6003:    at Microsoft.Build.CPPTasks.TrackedVCToolTask.DeleteEmptyFile(ITaskItem[] filesToDelete) [D:\Dropbox\projects\code\monotextdisplay\build\base\CMakeFiles\3.22.1\CompilerIdCXX\CompilerIdCXX.vcxproj]
C:\Program Files\Microsoft Visual Studio\2022\Community\MSBuild\Microsoft\VC\v170\Microsoft.CppCommon.targets(1092,5): error MSB6003:    at Microsoft.Build.CPPTasks.TrackedVCToolTask.PostExecuteTool(Int32 exitCode) [D:\Dropbox\projects\code\monotextdisplay\build\base\CMakeFiles\3.22.1\CompilerIdCXX\CompilerIdCXX.vcxproj]
C:\Program Files\Microsoft Visual Studio\2022\Community\MSBuild\Microsoft\VC\v170\Microsoft.CppCommon.targets(1092,5): error MSB6003:    at Microsoft.Build.CPPTasks.TrackedVCToolTask.ExecuteTool(String pathToTool, String responseFileCommands, String commandLineCommands) [D:\Dropbox\projects\code\monotextdisplay\build\base\CMakeFiles\3.22.1\CompilerIdCXX\CompilerIdCXX.vcxproj]
C:\Program Files\Microsoft Visual Studio\2022\Community\MSBuild\Microsoft\VC\v170\Microsoft.CppCommon.targets(1092,5): error MSB6003:    at Microsoft.Build.Utilities.ToolTask.Execute() [D:\Dropbox\projects\code\monotextdisplay\build\base\CMakeFiles\3.22.1\CompilerIdCXX\CompilerIdCXX.vcxproj]
Done Building Project "D:\Dropbox\projects\code\monotextdisplay\build\base\CMakeFiles\3.22.1\CompilerIdCXX\CompilerIdCXX.vcxproj" (default targets) -- FAILED.

Build FAILED.

"D:\Dropbox\projects\code\monotextdisplay\build\base\CMakeFiles\3.22.1\CompilerIdCXX\CompilerIdCXX.vcxproj" (default target) (1) ->
(Link target) -> 
  C:\Program Files\Microsoft Visual Studio\2022\Community\MSBuild\Microsoft\VC\v170\Microsoft.CppCommon.targets(1092,5): error MSB6003: The specified task executable "link.exe" could not be run. System.IO.IOException: The process cannot access the file 'Debug\CompilerIdCXX.tlog\link-cvtres.write.1.tlog' because it is being used by another process. [D:\Dropbox\projects\code\monotextdisplay\build\base\CMakeFiles\3.22.1\CompilerIdCXX\CompilerIdCXX.vcxproj]
C:\Program Files\Microsoft Visual Studio\2022\Community\MSBuild\Microsoft\VC\v170\Microsoft.CppCommon.targets(1092,5): error MSB6003:    at System.IO.__Error.WinIOError(Int32 errorCode, String maybeFullPath) [D:\Dropbox\projects\code\monotextdisplay\build\base\CMakeFiles\3.22.1\CompilerIdCXX\CompilerIdCXX.vcxproj]
C:\Program Files\Microsoft Visual Studio\2022\Community\MSBuild\Microsoft\VC\v170\Microsoft.CppCommon.targets(1092,5): error MSB6003:    at System.IO.FileInfo.Delete() [D:\Dropbox\projects\code\monotextdisplay\build\base\CMakeFiles\3.22.1\CompilerIdCXX\CompilerIdCXX.vcxproj]
C:\Program Files\Microsoft Visual Studio\2022\Community\MSBuild\Microsoft\VC\v170\Microsoft.CppCommon.targets(1092,5): error MSB6003:    at Microsoft.Build.CPPTasks.TrackedVCToolTask.DeleteEmptyFile(ITaskItem[] filesToDelete) [D:\Dropbox\projects\code\monotextdisplay\build\base\CMakeFiles\3.22.1\CompilerIdCXX\CompilerIdCXX.vcxproj]
C:\Program Files\Microsoft Visual Studio\2022\Community\MSBuild\Microsoft\VC\v170\Microsoft.CppCommon.targets(1092,5): error MSB6003:    at Microsoft.Build.CPPTasks.TrackedVCToolTask.PostExecuteTool(Int32 exitCode) [D:\Dropbox\projects\code\monotextdisplay\build\base\CMakeFiles\3.22.1\CompilerIdCXX\CompilerIdCXX.vcxproj]
C:\Program Files\Microsoft Visual Studio\2022\Community\MSBuild\Microsoft\VC\v170\Microsoft.CppCommon.targets(1092,5): error MSB6003:    at Microsoft.Build.CPPTasks.TrackedVCToolTask.ExecuteTool(String pathToTool, String responseFileCommands, String commandLineCommands) [D:\Dropbox\projects\code\monotextdisplay\build\base\CMakeFiles\3.22.1\CompilerIdCXX\CompilerIdCXX.vcxproj]
C:\Program Files\Microsoft Visual Studio\2022\Community\MSBuild\Microsoft\VC\v170\Microsoft.CppCommon.targets(1092,5): error MSB6003:    at Microsoft.Build.Utilities.ToolTask.Execute() [D:\Dropbox\projects\code\monotextdisplay\build\base\CMakeFiles\3.22.1\CompilerIdCXX\CompilerIdCXX.vcxproj]

    0 Warning(s)
    1 Error(s)

Time Elapsed 00:00:00.70


