Compiling the C compiler identification source file "CMakeCCompilerId.c" failed.
Compiler:  
Build flags: 
Id flags:  

The output was:
1
Microsoft (R) Build Engine version 17.1.0+ae57d105c for .NET Framework
Copyright (C) Microsoft Corporation. All rights reserved.

Build started 6/21/2022 8:49:07 AM.
Project "D:\Dropbox\projects\code\monotextdisplay\build\msvc-windows\defaults\CMakeFiles\3.22.1\CompilerIdC\CompilerIdC.vcxproj" on node 1 (default targets).
PrepareForBuild:
  Creating directory "Debug\".
  Creating directory "Debug\CompilerIdC.tlog\".
InitializeBuildStatus:
  Creating "Debug\CompilerIdC.tlog\unsuccessfulbuild" because "AlwaysCreate" was specified.
ClCompile:
  C:\Program Files\Microsoft Visual Studio\2022\Community\VC\Tools\MSVC\14.31.31103\bin\HostX64\x64\CL.exe /c /nologo /W0 /WX- /diagnostics:column /Od /D _MBCS /Gm- /EHsc /RTC1 /MDd /GS /fp:precise /Zc:wchar_t /Zc:forScope /Zc:inline /Fo"Debug\\" /Fd"Debug\vc143.pdb" /external:W0 /Gd /TC /FC /errorReport:queue CMakeCCompilerId.c
  CMakeCCompilerId.c
Link:
  C:\Program Files\Microsoft Visual Studio\2022\Community\VC\Tools\MSVC\14.31.31103\bin\HostX64\x64\link.exe /ERRORREPORT:QUEUE /OUT:".\CompilerIdC.exe" /INCREMENTAL:NO /NOLOGO kernel32.lib user32.lib gdi32.lib winspool.lib comdlg32.lib advapi32.lib shell32.lib ole32.lib oleaut32.lib uuid.lib odbc32.lib odbccp32.lib /MANIFEST /MANIFESTUAC:"level='asInvoker' uiAccess='false'" /manifest:embed /PDB:".\CompilerIdC.pdb" /SUBSYSTEM:CONSOLE /TLBID:1 /DYNAMICBASE /NXCOMPAT /IMPLIB:".\CompilerIdC.lib" /MACHINE:X64 Debug\CMakeCCompilerId.obj
C:\Program Files\Microsoft Visual Studio\2022\Community\MSBuild\Microsoft\VC\v170\Microsoft.CppCommon.targets(1092,5): error MSB6003: The specified task executable "link.exe" could not be run. System.IO.IOException: The process cannot access the file 'Debug\CompilerIdC.tlog\link-cvtres.write.1.tlog' because it is being used by another process. [D:\Dropbox\projects\code\monotextdisplay\build\msvc-windows\defaults\CMakeFiles\3.22.1\CompilerIdC\CompilerIdC.vcxproj]
C:\Program Files\Microsoft Visual Studio\2022\Community\MSBuild\Microsoft\VC\v170\Microsoft.CppCommon.targets(1092,5): error MSB6003:    at System.IO.__Error.WinIOError(Int32 errorCode, String maybeFullPath) [D:\Dropbox\projects\code\monotextdisplay\build\msvc-windows\defaults\CMakeFiles\3.22.1\CompilerIdC\CompilerIdC.vcxproj]
C:\Program Files\Microsoft Visual Studio\2022\Community\MSBuild\Microsoft\VC\v170\Microsoft.CppCommon.targets(1092,5): error MSB6003:    at System.IO.FileInfo.Delete() [D:\Dropbox\projects\code\monotextdisplay\build\msvc-windows\defaults\CMakeFiles\3.22.1\CompilerIdC\CompilerIdC.vcxproj]
C:\Program Files\Microsoft Visual Studio\2022\Community\MSBuild\Microsoft\VC\v170\Microsoft.CppCommon.targets(1092,5): error MSB6003:    at Microsoft.Build.CPPTasks.TrackedVCToolTask.DeleteEmptyFile(ITaskItem[] filesToDelete) [D:\Dropbox\projects\code\monotextdisplay\build\msvc-windows\defaults\CMakeFiles\3.22.1\CompilerIdC\CompilerIdC.vcxproj]
C:\Program Files\Microsoft Visual Studio\2022\Community\MSBuild\Microsoft\VC\v170\Microsoft.CppCommon.targets(1092,5): error MSB6003:    at Microsoft.Build.CPPTasks.TrackedVCToolTask.PostExecuteTool(Int32 exitCode) [D:\Dropbox\projects\code\monotextdisplay\build\msvc-windows\defaults\CMakeFiles\3.22.1\CompilerIdC\CompilerIdC.vcxproj]
C:\Program Files\Microsoft Visual Studio\2022\Community\MSBuild\Microsoft\VC\v170\Microsoft.CppCommon.targets(1092,5): error MSB6003:    at Microsoft.Build.CPPTasks.TrackedVCToolTask.ExecuteTool(String pathToTool, String responseFileCommands, String commandLineCommands) [D:\Dropbox\projects\code\monotextdisplay\build\msvc-windows\defaults\CMakeFiles\3.22.1\CompilerIdC\CompilerIdC.vcxproj]
C:\Program Files\Microsoft Visual Studio\2022\Community\MSBuild\Microsoft\VC\v170\Microsoft.CppCommon.targets(1092,5): error MSB6003:    at Microsoft.Build.Utilities.ToolTask.Execute() [D:\Dropbox\projects\code\monotextdisplay\build\msvc-windows\defaults\CMakeFiles\3.22.1\CompilerIdC\CompilerIdC.vcxproj]
Done Building Project "D:\Dropbox\projects\code\monotextdisplay\build\msvc-windows\defaults\CMakeFiles\3.22.1\CompilerIdC\CompilerIdC.vcxproj" (default targets) -- FAILED.

Build FAILED.

"D:\Dropbox\projects\code\monotextdisplay\build\msvc-windows\defaults\CMakeFiles\3.22.1\CompilerIdC\CompilerIdC.vcxproj" (default target) (1) ->
(Link target) -> 
  C:\Program Files\Microsoft Visual Studio\2022\Community\MSBuild\Microsoft\VC\v170\Microsoft.CppCommon.targets(1092,5): error MSB6003: The specified task executable "link.exe" could not be run. System.IO.IOException: The process cannot access the file 'Debug\CompilerIdC.tlog\link-cvtres.write.1.tlog' because it is being used by another process. [D:\Dropbox\projects\code\monotextdisplay\build\msvc-windows\defaults\CMakeFiles\3.22.1\CompilerIdC\CompilerIdC.vcxproj]
C:\Program Files\Microsoft Visual Studio\2022\Community\MSBuild\Microsoft\VC\v170\Microsoft.CppCommon.targets(1092,5): error MSB6003:    at System.IO.__Error.WinIOError(Int32 errorCode, String maybeFullPath) [D:\Dropbox\projects\code\monotextdisplay\build\msvc-windows\defaults\CMakeFiles\3.22.1\CompilerIdC\CompilerIdC.vcxproj]
C:\Program Files\Microsoft Visual Studio\2022\Community\MSBuild\Microsoft\VC\v170\Microsoft.CppCommon.targets(1092,5): error MSB6003:    at System.IO.FileInfo.Delete() [D:\Dropbox\projects\code\monotextdisplay\build\msvc-windows\defaults\CMakeFiles\3.22.1\CompilerIdC\CompilerIdC.vcxproj]
C:\Program Files\Microsoft Visual Studio\2022\Community\MSBuild\Microsoft\VC\v170\Microsoft.CppCommon.targets(1092,5): error MSB6003:    at Microsoft.Build.CPPTasks.TrackedVCToolTask.DeleteEmptyFile(ITaskItem[] filesToDelete) [D:\Dropbox\projects\code\monotextdisplay\build\msvc-windows\defaults\CMakeFiles\3.22.1\CompilerIdC\CompilerIdC.vcxproj]
C:\Program Files\Microsoft Visual Studio\2022\Community\MSBuild\Microsoft\VC\v170\Microsoft.CppCommon.targets(1092,5): error MSB6003:    at Microsoft.Build.CPPTasks.TrackedVCToolTask.PostExecuteTool(Int32 exitCode) [D:\Dropbox\projects\code\monotextdisplay\build\msvc-windows\defaults\CMakeFiles\3.22.1\CompilerIdC\CompilerIdC.vcxproj]
C:\Program Files\Microsoft Visual Studio\2022\Community\MSBuild\Microsoft\VC\v170\Microsoft.CppCommon.targets(1092,5): error MSB6003:    at Microsoft.Build.CPPTasks.TrackedVCToolTask.ExecuteTool(String pathToTool, String responseFileCommands, String commandLineCommands) [D:\Dropbox\projects\code\monotextdisplay\build\msvc-windows\defaults\CMakeFiles\3.22.1\CompilerIdC\CompilerIdC.vcxproj]
C:\Program Files\Microsoft Visual Studio\2022\Community\MSBuild\Microsoft\VC\v170\Microsoft.CppCommon.targets(1092,5): error MSB6003:    at Microsoft.Build.Utilities.ToolTask.Execute() [D:\Dropbox\projects\code\monotextdisplay\build\msvc-windows\defaults\CMakeFiles\3.22.1\CompilerIdC\CompilerIdC.vcxproj]

    0 Warning(s)
    1 Error(s)

Time Elapsed 00:00:01.28


Compiling the C compiler identification source file "CMakeCCompilerId.c" failed.
Compiler:  
Build flags: 
Id flags:  

The output was:
1
Microsoft (R) Build Engine version 17.1.0+ae57d105c for .NET Framework
Copyright (C) Microsoft Corporation. All rights reserved.

Build started 6/21/2022 8:49:09 AM.
Project "D:\Dropbox\projects\code\monotextdisplay\build\msvc-windows\defaults\CMakeFiles\3.22.1\CompilerIdC\CompilerIdC.vcxproj" on node 1 (default targets).
PrepareForBuild:
  Creating directory "Debug\".
  Creating directory "Debug\CompilerIdC.tlog\".
InitializeBuildStatus:
  Creating "Debug\CompilerIdC.tlog\unsuccessfulbuild" because "AlwaysCreate" was specified.
ClCompile:
  C:\Program Files\Microsoft Visual Studio\2022\Community\VC\Tools\MSVC\14.31.31103\bin\HostX64\x64\CL.exe /c /nologo /W0 /WX- /diagnostics:column /Od /D _MBCS /Gm- /EHsc /RTC1 /MDd /GS /fp:precise /Zc:wchar_t /Zc:forScope /Zc:inline /Fo"Debug\\" /Fd"Debug\vc143.pdb" /external:W0 /Gd /TC /FC /errorReport:queue CMakeCCompilerId.c
  CMakeCCompilerId.c
Link:
  C:\Program Files\Microsoft Visual Studio\2022\Community\VC\Tools\MSVC\14.31.31103\bin\HostX64\x64\link.exe /ERRORREPORT:QUEUE /OUT:".\CompilerIdC.exe" /INCREMENTAL:NO /NOLOGO kernel32.lib user32.lib gdi32.lib winspool.lib comdlg32.lib advapi32.lib shell32.lib ole32.lib oleaut32.lib uuid.lib odbc32.lib odbccp32.lib /MANIFEST /MANIFESTUAC:"level='asInvoker' uiAccess='false'" /manifest:embed /PDB:".\CompilerIdC.pdb" /SUBSYSTEM:CONSOLE /TLBID:1 /DYNAMICBASE /NXCOMPAT /IMPLIB:".\CompilerIdC.lib" /MACHINE:X64 Debug\CMakeCCompilerId.obj
C:\Program Files\Microsoft Visual Studio\2022\Community\MSBuild\Microsoft\VC\v170\Microsoft.CppCommon.targets(1092,5): error MSB6003: The specified task executable "link.exe" could not be run. System.IO.IOException: The process cannot access the file 'Debug\CompilerIdC.tlog\link-cvtres.write.1.tlog' because it is being used by another process. [D:\Dropbox\projects\code\monotextdisplay\build\msvc-windows\defaults\CMakeFiles\3.22.1\CompilerIdC\CompilerIdC.vcxproj]
C:\Program Files\Microsoft Visual Studio\2022\Community\MSBuild\Microsoft\VC\v170\Microsoft.CppCommon.targets(1092,5): error MSB6003:    at System.IO.__Error.WinIOError(Int32 errorCode, String maybeFullPath) [D:\Dropbox\projects\code\monotextdisplay\build\msvc-windows\defaults\CMakeFiles\3.22.1\CompilerIdC\CompilerIdC.vcxproj]
C:\Program Files\Microsoft Visual Studio\2022\Community\MSBuild\Microsoft\VC\v170\Microsoft.CppCommon.targets(1092,5): error MSB6003:    at System.IO.FileInfo.Delete() [D:\Dropbox\projects\code\monotextdisplay\build\msvc-windows\defaults\CMakeFiles\3.22.1\CompilerIdC\CompilerIdC.vcxproj]
C:\Program Files\Microsoft Visual Studio\2022\Community\MSBuild\Microsoft\VC\v170\Microsoft.CppCommon.targets(1092,5): error MSB6003:    at Microsoft.Build.CPPTasks.TrackedVCToolTask.DeleteEmptyFile(ITaskItem[] filesToDelete) [D:\Dropbox\projects\code\monotextdisplay\build\msvc-windows\defaults\CMakeFiles\3.22.1\CompilerIdC\CompilerIdC.vcxproj]
C:\Program Files\Microsoft Visual Studio\2022\Community\MSBuild\Microsoft\VC\v170\Microsoft.CppCommon.targets(1092,5): error MSB6003:    at Microsoft.Build.CPPTasks.TrackedVCToolTask.PostExecuteTool(Int32 exitCode) [D:\Dropbox\projects\code\monotextdisplay\build\msvc-windows\defaults\CMakeFiles\3.22.1\CompilerIdC\CompilerIdC.vcxproj]
C:\Program Files\Microsoft Visual Studio\2022\Community\MSBuild\Microsoft\VC\v170\Microsoft.CppCommon.targets(1092,5): error MSB6003:    at Microsoft.Build.CPPTasks.TrackedVCToolTask.ExecuteTool(String pathToTool, String responseFileCommands, String commandLineCommands) [D:\Dropbox\projects\code\monotextdisplay\build\msvc-windows\defaults\CMakeFiles\3.22.1\CompilerIdC\CompilerIdC.vcxproj]
C:\Program Files\Microsoft Visual Studio\2022\Community\MSBuild\Microsoft\VC\v170\Microsoft.CppCommon.targets(1092,5): error MSB6003:    at Microsoft.Build.Utilities.ToolTask.Execute() [D:\Dropbox\projects\code\monotextdisplay\build\msvc-windows\defaults\CMakeFiles\3.22.1\CompilerIdC\CompilerIdC.vcxproj]
Done Building Project "D:\Dropbox\projects\code\monotextdisplay\build\msvc-windows\defaults\CMakeFiles\3.22.1\CompilerIdC\CompilerIdC.vcxproj" (default targets) -- FAILED.

Build FAILED.

"D:\Dropbox\projects\code\monotextdisplay\build\msvc-windows\defaults\CMakeFiles\3.22.1\CompilerIdC\CompilerIdC.vcxproj" (default target) (1) ->
(Link target) -> 
  C:\Program Files\Microsoft Visual Studio\2022\Community\MSBuild\Microsoft\VC\v170\Microsoft.CppCommon.targets(1092,5): error MSB6003: The specified task executable "link.exe" could not be run. System.IO.IOException: The process cannot access the file 'Debug\CompilerIdC.tlog\link-cvtres.write.1.tlog' because it is being used by another process. [D:\Dropbox\projects\code\monotextdisplay\build\msvc-windows\defaults\CMakeFiles\3.22.1\CompilerIdC\CompilerIdC.vcxproj]
C:\Program Files\Microsoft Visual Studio\2022\Community\MSBuild\Microsoft\VC\v170\Microsoft.CppCommon.targets(1092,5): error MSB6003:    at System.IO.__Error.WinIOError(Int32 errorCode, String maybeFullPath) [D:\Dropbox\projects\code\monotextdisplay\build\msvc-windows\defaults\CMakeFiles\3.22.1\CompilerIdC\CompilerIdC.vcxproj]
C:\Program Files\Microsoft Visual Studio\2022\Community\MSBuild\Microsoft\VC\v170\Microsoft.CppCommon.targets(1092,5): error MSB6003:    at System.IO.FileInfo.Delete() [D:\Dropbox\projects\code\monotextdisplay\build\msvc-windows\defaults\CMakeFiles\3.22.1\CompilerIdC\CompilerIdC.vcxproj]
C:\Program Files\Microsoft Visual Studio\2022\Community\MSBuild\Microsoft\VC\v170\Microsoft.CppCommon.targets(1092,5): error MSB6003:    at Microsoft.Build.CPPTasks.TrackedVCToolTask.DeleteEmptyFile(ITaskItem[] filesToDelete) [D:\Dropbox\projects\code\monotextdisplay\build\msvc-windows\defaults\CMakeFiles\3.22.1\CompilerIdC\CompilerIdC.vcxproj]
C:\Program Files\Microsoft Visual Studio\2022\Community\MSBuild\Microsoft\VC\v170\Microsoft.CppCommon.targets(1092,5): error MSB6003:    at Microsoft.Build.CPPTasks.TrackedVCToolTask.PostExecuteTool(Int32 exitCode) [D:\Dropbox\projects\code\monotextdisplay\build\msvc-windows\defaults\CMakeFiles\3.22.1\CompilerIdC\CompilerIdC.vcxproj]
C:\Program Files\Microsoft Visual Studio\2022\Community\MSBuild\Microsoft\VC\v170\Microsoft.CppCommon.targets(1092,5): error MSB6003:    at Microsoft.Build.CPPTasks.TrackedVCToolTask.ExecuteTool(String pathToTool, String responseFileCommands, String commandLineCommands) [D:\Dropbox\projects\code\monotextdisplay\build\msvc-windows\defaults\CMakeFiles\3.22.1\CompilerIdC\CompilerIdC.vcxproj]
C:\Program Files\Microsoft Visual Studio\2022\Community\MSBuild\Microsoft\VC\v170\Microsoft.CppCommon.targets(1092,5): error MSB6003:    at Microsoft.Build.Utilities.ToolTask.Execute() [D:\Dropbox\projects\code\monotextdisplay\build\msvc-windows\defaults\CMakeFiles\3.22.1\CompilerIdC\CompilerIdC.vcxproj]

    0 Warning(s)
    1 Error(s)

Time Elapsed 00:00:01.24


Compiling the C compiler identification source file "CMakeCCompilerId.c" failed.
Compiler:  
Build flags: 
Id flags:  

The output was:
1
Microsoft (R) Build Engine version 17.1.0+ae57d105c for .NET Framework
Copyright (C) Microsoft Corporation. All rights reserved.

Build started 6/21/2022 8:49:23 AM.
Project "D:\Dropbox\projects\code\monotextdisplay\build\msvc-windows\defaults\CMakeFiles\3.22.1\CompilerIdC\CompilerIdC.vcxproj" on node 1 (default targets).
PrepareForBuild:
  Creating directory "Debug\".
  Creating directory "Debug\CompilerIdC.tlog\".
InitializeBuildStatus:
  Creating "Debug\CompilerIdC.tlog\unsuccessfulbuild" because "AlwaysCreate" was specified.
ClCompile:
  C:\Program Files\Microsoft Visual Studio\2022\Community\VC\Tools\MSVC\14.31.31103\bin\HostX64\x64\CL.exe /c /nologo /W0 /WX- /diagnostics:column /Od /D _MBCS /Gm- /EHsc /RTC1 /MDd /GS /fp:precise /Zc:wchar_t /Zc:forScope /Zc:inline /Fo"Debug\\" /Fd"Debug\vc143.pdb" /external:W0 /Gd /TC /FC /errorReport:queue CMakeCCompilerId.c
  CMakeCCompilerId.c
C:\Program Files\Microsoft Visual Studio\2022\Community\MSBuild\Microsoft\VC\v170\Microsoft.CppCommon.targets(700,5): error MSB6003: The specified task executable "CL.exe" could not be run. System.IO.IOException: The requested operation cannot be performed on a file with a user-mapped section open. [D:\Dropbox\projects\code\monotextdisplay\build\msvc-windows\defaults\CMakeFiles\3.22.1\CompilerIdC\CompilerIdC.vcxproj]
C:\Program Files\Microsoft Visual Studio\2022\Community\MSBuild\Microsoft\VC\v170\Microsoft.CppCommon.targets(700,5): error MSB6003:  [D:\Dropbox\projects\code\monotextdisplay\build\msvc-windows\defaults\CMakeFiles\3.22.1\CompilerIdC\CompilerIdC.vcxproj]
C:\Program Files\Microsoft Visual Studio\2022\Community\MSBuild\Microsoft\VC\v170\Microsoft.CppCommon.targets(700,5): error MSB6003:    at System.IO.__Error.WinIOError(Int32 errorCode, String maybeFullPath) [D:\Dropbox\projects\code\monotextdisplay\build\msvc-windows\defaults\CMakeFiles\3.22.1\CompilerIdC\CompilerIdC.vcxproj]
C:\Program Files\Microsoft Visual Studio\2022\Community\MSBuild\Microsoft\VC\v170\Microsoft.CppCommon.targets(700,5): error MSB6003:    at System.IO.FileStream.Init(String path, FileMode mode, FileAccess access, Int32 rights, Boolean useRights, FileShare share, Int32 bufferSize, FileOptions options, SECURITY_ATTRIBUTES secAttrs, String msgPath, Boolean bFromProxy, Boolean useLongPath, Boolean checkHost) [D:\Dropbox\projects\code\monotextdisplay\build\msvc-windows\defaults\CMakeFiles\3.22.1\CompilerIdC\CompilerIdC.vcxproj]
C:\Program Files\Microsoft Visual Studio\2022\Community\MSBuild\Microsoft\VC\v170\Microsoft.CppCommon.targets(700,5): error MSB6003:    at System.IO.FileStream..ctor(String path, FileMode mode, FileAccess access, FileShare share, Int32 bufferSize, FileOptions options, String msgPath, Boolean bFromProxy, Boolean useLongPath, Boolean checkHost) [D:\Dropbox\projects\code\monotextdisplay\build\msvc-windows\defaults\CMakeFiles\3.22.1\CompilerIdC\CompilerIdC.vcxproj]
C:\Program Files\Microsoft Visual Studio\2022\Community\MSBuild\Microsoft\VC\v170\Microsoft.CppCommon.targets(700,5): error MSB6003:    at System.IO.StreamWriter.CreateFile(String path, Boolean append, Boolean checkHost) [D:\Dropbox\projects\code\monotextdisplay\build\msvc-windows\defaults\CMakeFiles\3.22.1\CompilerIdC\CompilerIdC.vcxproj]
C:\Program Files\Microsoft Visual Studio\2022\Community\MSBuild\Microsoft\VC\v170\Microsoft.CppCommon.targets(700,5): error MSB6003:    at System.IO.StreamWriter..ctor(String path, Boolean append, Encoding encoding, Int32 bufferSize, Boolean checkHost) [D:\Dropbox\projects\code\monotextdisplay\build\msvc-windows\defaults\CMakeFiles\3.22.1\CompilerIdC\CompilerIdC.vcxproj]
C:\Program Files\Microsoft Visual Studio\2022\Community\MSBuild\Microsoft\VC\v170\Microsoft.CppCommon.targets(700,5): error MSB6003:    at System.IO.File.InternalWriteAllText(String path, String contents, Encoding encoding, Boolean checkHost) [D:\Dropbox\projects\code\monotextdisplay\build\msvc-windows\defaults\CMakeFiles\3.22.1\CompilerIdC\CompilerIdC.vcxproj]
C:\Program Files\Microsoft Visual Studio\2022\Community\MSBuild\Microsoft\VC\v170\Microsoft.CppCommon.targets(700,5): error MSB6003:    at Microsoft.Build.Utilities.CanonicalTrackedOutputFiles.SaveTlog(DependencyFilter includeInTLog) [D:\Dropbox\projects\code\monotextdisplay\build\msvc-windows\defaults\CMakeFiles\3.22.1\CompilerIdC\CompilerIdC.vcxproj]
C:\Program Files\Microsoft Visual Studio\2022\Community\MSBuild\Microsoft\VC\v170\Microsoft.CppCommon.targets(700,5): error MSB6003:    at Microsoft.Build.CPPTasks.CL.PostExecuteTool(Int32 exitCode) [D:\Dropbox\projects\code\monotextdisplay\build\msvc-windows\defaults\CMakeFiles\3.22.1\CompilerIdC\CompilerIdC.vcxproj]
C:\Program Files\Microsoft Visual Studio\2022\Community\MSBuild\Microsoft\VC\v170\Microsoft.CppCommon.targets(700,5): error MSB6003:    at Microsoft.Build.CPPTasks.TrackedVCToolTask.ExecuteTool(String pathToTool, String responseFileCommands, String commandLineCommands) [D:\Dropbox\projects\code\monotextdisplay\build\msvc-windows\defaults\CMakeFiles\3.22.1\CompilerIdC\CompilerIdC.vcxproj]
C:\Program Files\Microsoft Visual Studio\2022\Community\MSBuild\Microsoft\VC\v170\Microsoft.CppCommon.targets(700,5): error MSB6003:    at Microsoft.Build.Utilities.ToolTask.Execute() [D:\Dropbox\projects\code\monotextdisplay\build\msvc-windows\defaults\CMakeFiles\3.22.1\CompilerIdC\CompilerIdC.vcxproj]
Done Building Project "D:\Dropbox\projects\code\monotextdisplay\build\msvc-windows\defaults\CMakeFiles\3.22.1\CompilerIdC\CompilerIdC.vcxproj" (default targets) -- FAILED.

Build FAILED.

"D:\Dropbox\projects\code\monotextdisplay\build\msvc-windows\defaults\CMakeFiles\3.22.1\CompilerIdC\CompilerIdC.vcxproj" (default target) (1) ->
(ClCompile target) -> 
  C:\Program Files\Microsoft Visual Studio\2022\Community\MSBuild\Microsoft\VC\v170\Microsoft.CppCommon.targets(700,5): error MSB6003: The specified task executable "CL.exe" could not be run. System.IO.IOException: The requested operation cannot be performed on a file with a user-mapped section open. [D:\Dropbox\projects\code\monotextdisplay\build\msvc-windows\defaults\CMakeFiles\3.22.1\CompilerIdC\CompilerIdC.vcxproj]
C:\Program Files\Microsoft Visual Studio\2022\Community\MSBuild\Microsoft\VC\v170\Microsoft.CppCommon.targets(700,5): error MSB6003:  [D:\Dropbox\projects\code\monotextdisplay\build\msvc-windows\defaults\CMakeFiles\3.22.1\CompilerIdC\CompilerIdC.vcxproj]
C:\Program Files\Microsoft Visual Studio\2022\Community\MSBuild\Microsoft\VC\v170\Microsoft.CppCommon.targets(700,5): error MSB6003:    at System.IO.__Error.WinIOError(Int32 errorCode, String maybeFullPath) [D:\Dropbox\projects\code\monotextdisplay\build\msvc-windows\defaults\CMakeFiles\3.22.1\CompilerIdC\CompilerIdC.vcxproj]
C:\Program Files\Microsoft Visual Studio\2022\Community\MSBuild\Microsoft\VC\v170\Microsoft.CppCommon.targets(700,5): error MSB6003:    at System.IO.FileStream.Init(String path, FileMode mode, FileAccess access, Int32 rights, Boolean useRights, FileShare share, Int32 bufferSize, FileOptions options, SECURITY_ATTRIBUTES secAttrs, String msgPath, Boolean bFromProxy, Boolean useLongPath, Boolean checkHost) [D:\Dropbox\projects\code\monotextdisplay\build\msvc-windows\defaults\CMakeFiles\3.22.1\CompilerIdC\CompilerIdC.vcxproj]
C:\Program Files\Microsoft Visual Studio\2022\Community\MSBuild\Microsoft\VC\v170\Microsoft.CppCommon.targets(700,5): error MSB6003:    at System.IO.FileStream..ctor(String path, FileMode mode, FileAccess access, FileShare share, Int32 bufferSize, FileOptions options, String msgPath, Boolean bFromProxy, Boolean useLongPath, Boolean checkHost) [D:\Dropbox\projects\code\monotextdisplay\build\msvc-windows\defaults\CMakeFiles\3.22.1\CompilerIdC\CompilerIdC.vcxproj]
C:\Program Files\Microsoft Visual Studio\2022\Community\MSBuild\Microsoft\VC\v170\Microsoft.CppCommon.targets(700,5): error MSB6003:    at System.IO.StreamWriter.CreateFile(String path, Boolean append, Boolean checkHost) [D:\Dropbox\projects\code\monotextdisplay\build\msvc-windows\defaults\CMakeFiles\3.22.1\CompilerIdC\CompilerIdC.vcxproj]
C:\Program Files\Microsoft Visual Studio\2022\Community\MSBuild\Microsoft\VC\v170\Microsoft.CppCommon.targets(700,5): error MSB6003:    at System.IO.StreamWriter..ctor(String path, Boolean append, Encoding encoding, Int32 bufferSize, Boolean checkHost) [D:\Dropbox\projects\code\monotextdisplay\build\msvc-windows\defaults\CMakeFiles\3.22.1\CompilerIdC\CompilerIdC.vcxproj]
C:\Program Files\Microsoft Visual Studio\2022\Community\MSBuild\Microsoft\VC\v170\Microsoft.CppCommon.targets(700,5): error MSB6003:    at System.IO.File.InternalWriteAllText(String path, String contents, Encoding encoding, Boolean checkHost) [D:\Dropbox\projects\code\monotextdisplay\build\msvc-windows\defaults\CMakeFiles\3.22.1\CompilerIdC\CompilerIdC.vcxproj]
C:\Program Files\Microsoft Visual Studio\2022\Community\MSBuild\Microsoft\VC\v170\Microsoft.CppCommon.targets(700,5): error MSB6003:    at Microsoft.Build.Utilities.CanonicalTrackedOutputFiles.SaveTlog(DependencyFilter includeInTLog) [D:\Dropbox\projects\code\monotextdisplay\build\msvc-windows\defaults\CMakeFiles\3.22.1\CompilerIdC\CompilerIdC.vcxproj]
C:\Program Files\Microsoft Visual Studio\2022\Community\MSBuild\Microsoft\VC\v170\Microsoft.CppCommon.targets(700,5): error MSB6003:    at Microsoft.Build.CPPTasks.CL.PostExecuteTool(Int32 exitCode) [D:\Dropbox\projects\code\monotextdisplay\build\msvc-windows\defaults\CMakeFiles\3.22.1\CompilerIdC\CompilerIdC.vcxproj]
C:\Program Files\Microsoft Visual Studio\2022\Community\MSBuild\Microsoft\VC\v170\Microsoft.CppCommon.targets(700,5): error MSB6003:    at Microsoft.Build.CPPTasks.TrackedVCToolTask.ExecuteTool(String pathToTool, String responseFileCommands, String commandLineCommands) [D:\Dropbox\projects\code\monotextdisplay\build\msvc-windows\defaults\CMakeFiles\3.22.1\CompilerIdC\CompilerIdC.vcxproj]
C:\Program Files\Microsoft Visual Studio\2022\Community\MSBuild\Microsoft\VC\v170\Microsoft.CppCommon.targets(700,5): error MSB6003:    at Microsoft.Build.Utilities.ToolTask.Execute() [D:\Dropbox\projects\code\monotextdisplay\build\msvc-windows\defaults\CMakeFiles\3.22.1\CompilerIdC\CompilerIdC.vcxproj]

    0 Warning(s)
    1 Error(s)

Time Elapsed 00:00:00.85


Compiling the C compiler identification source file "CMakeCCompilerId.c" failed.
Compiler:  
Build flags: 
Id flags:  

The output was:
1
Microsoft (R) Build Engine version 17.1.0+ae57d105c for .NET Framework
Copyright (C) Microsoft Corporation. All rights reserved.

Build started 6/21/2022 8:49:24 AM.
Project "D:\Dropbox\projects\code\monotextdisplay\build\msvc-windows\defaults\CMakeFiles\3.22.1\CompilerIdC\CompilerIdC.vcxproj" on node 1 (default targets).
PrepareForBuild:
  Creating directory "Debug\".
  Creating directory "Debug\CompilerIdC.tlog\".
InitializeBuildStatus:
  Creating "Debug\CompilerIdC.tlog\unsuccessfulbuild" because "AlwaysCreate" was specified.
ClCompile:
  C:\Program Files\Microsoft Visual Studio\2022\Community\VC\Tools\MSVC\14.31.31103\bin\HostX64\x64\CL.exe /c /nologo /W0 /WX- /diagnostics:column /Od /D _MBCS /Gm- /EHsc /RTC1 /MDd /GS /fp:precise /Zc:wchar_t /Zc:forScope /Zc:inline /Fo"Debug\\" /Fd"Debug\vc143.pdb" /external:W0 /Gd /TC /FC /errorReport:queue CMakeCCompilerId.c
  CMakeCCompilerId.c
Link:
  C:\Program Files\Microsoft Visual Studio\2022\Community\VC\Tools\MSVC\14.31.31103\bin\HostX64\x64\link.exe /ERRORREPORT:QUEUE /OUT:".\CompilerIdC.exe" /INCREMENTAL:NO /NOLOGO kernel32.lib user32.lib gdi32.lib winspool.lib comdlg32.lib advapi32.lib shell32.lib ole32.lib oleaut32.lib uuid.lib odbc32.lib odbccp32.lib /MANIFEST /MANIFESTUAC:"level='asInvoker' uiAccess='false'" /manifest:embed /PDB:".\CompilerIdC.pdb" /SUBSYSTEM:CONSOLE /TLBID:1 /DYNAMICBASE /NXCOMPAT /IMPLIB:".\CompilerIdC.lib" /MACHINE:X64 Debug\CMakeCCompilerId.obj
C:\Program Files\Microsoft Visual Studio\2022\Community\MSBuild\Microsoft\VC\v170\Microsoft.CppCommon.targets(1092,5): error MSB6003: The specified task executable "link.exe" could not be run. System.IO.IOException: The process cannot access the file 'Debug\CompilerIdC.tlog\link-cvtres.write.1.tlog' because it is being used by another process. [D:\Dropbox\projects\code\monotextdisplay\build\msvc-windows\defaults\CMakeFiles\3.22.1\CompilerIdC\CompilerIdC.vcxproj]
C:\Program Files\Microsoft Visual Studio\2022\Community\MSBuild\Microsoft\VC\v170\Microsoft.CppCommon.targets(1092,5): error MSB6003:    at System.IO.__Error.WinIOError(Int32 errorCode, String maybeFullPath) [D:\Dropbox\projects\code\monotextdisplay\build\msvc-windows\defaults\CMakeFiles\3.22.1\CompilerIdC\CompilerIdC.vcxproj]
C:\Program Files\Microsoft Visual Studio\2022\Community\MSBuild\Microsoft\VC\v170\Microsoft.CppCommon.targets(1092,5): error MSB6003:    at System.IO.FileInfo.Delete() [D:\Dropbox\projects\code\monotextdisplay\build\msvc-windows\defaults\CMakeFiles\3.22.1\CompilerIdC\CompilerIdC.vcxproj]
C:\Program Files\Microsoft Visual Studio\2022\Community\MSBuild\Microsoft\VC\v170\Microsoft.CppCommon.targets(1092,5): error MSB6003:    at Microsoft.Build.CPPTasks.TrackedVCToolTask.DeleteEmptyFile(ITaskItem[] filesToDelete) [D:\Dropbox\projects\code\monotextdisplay\build\msvc-windows\defaults\CMakeFiles\3.22.1\CompilerIdC\CompilerIdC.vcxproj]
C:\Program Files\Microsoft Visual Studio\2022\Community\MSBuild\Microsoft\VC\v170\Microsoft.CppCommon.targets(1092,5): error MSB6003:    at Microsoft.Build.CPPTasks.TrackedVCToolTask.PostExecuteTool(Int32 exitCode) [D:\Dropbox\projects\code\monotextdisplay\build\msvc-windows\defaults\CMakeFiles\3.22.1\CompilerIdC\CompilerIdC.vcxproj]
C:\Program Files\Microsoft Visual Studio\2022\Community\MSBuild\Microsoft\VC\v170\Microsoft.CppCommon.targets(1092,5): error MSB6003:    at Microsoft.Build.CPPTasks.TrackedVCToolTask.ExecuteTool(String pathToTool, String responseFileCommands, String commandLineCommands) [D:\Dropbox\projects\code\monotextdisplay\build\msvc-windows\defaults\CMakeFiles\3.22.1\CompilerIdC\CompilerIdC.vcxproj]
C:\Program Files\Microsoft Visual Studio\2022\Community\MSBuild\Microsoft\VC\v170\Microsoft.CppCommon.targets(1092,5): error MSB6003:    at Microsoft.Build.Utilities.ToolTask.Execute() [D:\Dropbox\projects\code\monotextdisplay\build\msvc-windows\defaults\CMakeFiles\3.22.1\CompilerIdC\CompilerIdC.vcxproj]
Done Building Project "D:\Dropbox\projects\code\monotextdisplay\build\msvc-windows\defaults\CMakeFiles\3.22.1\CompilerIdC\CompilerIdC.vcxproj" (default targets) -- FAILED.

Build FAILED.

"D:\Dropbox\projects\code\monotextdisplay\build\msvc-windows\defaults\CMakeFiles\3.22.1\CompilerIdC\CompilerIdC.vcxproj" (default target) (1) ->
(Link target) -> 
  C:\Program Files\Microsoft Visual Studio\2022\Community\MSBuild\Microsoft\VC\v170\Microsoft.CppCommon.targets(1092,5): error MSB6003: The specified task executable "link.exe" could not be run. System.IO.IOException: The process cannot access the file 'Debug\CompilerIdC.tlog\link-cvtres.write.1.tlog' because it is being used by another process. [D:\Dropbox\projects\code\monotextdisplay\build\msvc-windows\defaults\CMakeFiles\3.22.1\CompilerIdC\CompilerIdC.vcxproj]
C:\Program Files\Microsoft Visual Studio\2022\Community\MSBuild\Microsoft\VC\v170\Microsoft.CppCommon.targets(1092,5): error MSB6003:    at System.IO.__Error.WinIOError(Int32 errorCode, String maybeFullPath) [D:\Dropbox\projects\code\monotextdisplay\build\msvc-windows\defaults\CMakeFiles\3.22.1\CompilerIdC\CompilerIdC.vcxproj]
C:\Program Files\Microsoft Visual Studio\2022\Community\MSBuild\Microsoft\VC\v170\Microsoft.CppCommon.targets(1092,5): error MSB6003:    at System.IO.FileInfo.Delete() [D:\Dropbox\projects\code\monotextdisplay\build\msvc-windows\defaults\CMakeFiles\3.22.1\CompilerIdC\CompilerIdC.vcxproj]
C:\Program Files\Microsoft Visual Studio\2022\Community\MSBuild\Microsoft\VC\v170\Microsoft.CppCommon.targets(1092,5): error MSB6003:    at Microsoft.Build.CPPTasks.TrackedVCToolTask.DeleteEmptyFile(ITaskItem[] filesToDelete) [D:\Dropbox\projects\code\monotextdisplay\build\msvc-windows\defaults\CMakeFiles\3.22.1\CompilerIdC\CompilerIdC.vcxproj]
C:\Program Files\Microsoft Visual Studio\2022\Community\MSBuild\Microsoft\VC\v170\Microsoft.CppCommon.targets(1092,5): error MSB6003:    at Microsoft.Build.CPPTasks.TrackedVCToolTask.PostExecuteTool(Int32 exitCode) [D:\Dropbox\projects\code\monotextdisplay\build\msvc-windows\defaults\CMakeFiles\3.22.1\CompilerIdC\CompilerIdC.vcxproj]
C:\Program Files\Microsoft Visual Studio\2022\Community\MSBuild\Microsoft\VC\v170\Microsoft.CppCommon.targets(1092,5): error MSB6003:    at Microsoft.Build.CPPTasks.TrackedVCToolTask.ExecuteTool(String pathToTool, String responseFileCommands, String commandLineCommands) [D:\Dropbox\projects\code\monotextdisplay\build\msvc-windows\defaults\CMakeFiles\3.22.1\CompilerIdC\CompilerIdC.vcxproj]
C:\Program Files\Microsoft Visual Studio\2022\Community\MSBuild\Microsoft\VC\v170\Microsoft.CppCommon.targets(1092,5): error MSB6003:    at Microsoft.Build.Utilities.ToolTask.Execute() [D:\Dropbox\projects\code\monotextdisplay\build\msvc-windows\defaults\CMakeFiles\3.22.1\CompilerIdC\CompilerIdC.vcxproj]

    0 Warning(s)
    1 Error(s)

Time Elapsed 00:00:01.14


Compiling the C compiler identification source file "CMakeCCompilerId.c" failed.
Compiler:  
Build flags: 
Id flags:  

The output was:
1
Microsoft (R) Build Engine version 17.1.0+ae57d105c for .NET Framework
Copyright (C) Microsoft Corporation. All rights reserved.

Build started 6/21/2022 8:49:33 AM.
Project "D:\Dropbox\projects\code\monotextdisplay\build\msvc-windows\defaults\CMakeFiles\3.22.1\CompilerIdC\CompilerIdC.vcxproj" on node 1 (default targets).
PrepareForBuild:
  Creating directory "Debug\".
  Creating directory "Debug\CompilerIdC.tlog\".
InitializeBuildStatus:
  Creating "Debug\CompilerIdC.tlog\unsuccessfulbuild" because "AlwaysCreate" was specified.
ClCompile:
  C:\Program Files\Microsoft Visual Studio\2022\Community\VC\Tools\MSVC\14.31.31103\bin\HostX64\x64\CL.exe /c /nologo /W0 /WX- /diagnostics:column /Od /D _MBCS /Gm- /EHsc /RTC1 /MDd /GS /fp:precise /Zc:wchar_t /Zc:forScope /Zc:inline /Fo"Debug\\" /Fd"Debug\vc143.pdb" /external:W0 /Gd /TC /FC /errorReport:queue CMakeCCompilerId.c
  CMakeCCompilerId.c
Link:
  C:\Program Files\Microsoft Visual Studio\2022\Community\VC\Tools\MSVC\14.31.31103\bin\HostX64\x64\link.exe /ERRORREPORT:QUEUE /OUT:".\CompilerIdC.exe" /INCREMENTAL:NO /NOLOGO kernel32.lib user32.lib gdi32.lib winspool.lib comdlg32.lib advapi32.lib shell32.lib ole32.lib oleaut32.lib uuid.lib odbc32.lib odbccp32.lib /MANIFEST /MANIFESTUAC:"level='asInvoker' uiAccess='false'" /manifest:embed /PDB:".\CompilerIdC.pdb" /SUBSYSTEM:CONSOLE /TLBID:1 /DYNAMICBASE /NXCOMPAT /IMPLIB:".\CompilerIdC.lib" /MACHINE:X64 Debug\CMakeCCompilerId.obj
C:\Program Files\Microsoft Visual Studio\2022\Community\MSBuild\Microsoft\VC\v170\Microsoft.CppCommon.targets(1092,5): error MSB6003: The specified task executable "link.exe" could not be run. System.IO.IOException: The process cannot access the file 'Debug\CompilerIdC.tlog\link-cvtres.write.1.tlog' because it is being used by another process. [D:\Dropbox\projects\code\monotextdisplay\build\msvc-windows\defaults\CMakeFiles\3.22.1\CompilerIdC\CompilerIdC.vcxproj]
C:\Program Files\Microsoft Visual Studio\2022\Community\MSBuild\Microsoft\VC\v170\Microsoft.CppCommon.targets(1092,5): error MSB6003:    at System.IO.__Error.WinIOError(Int32 errorCode, String maybeFullPath) [D:\Dropbox\projects\code\monotextdisplay\build\msvc-windows\defaults\CMakeFiles\3.22.1\CompilerIdC\CompilerIdC.vcxproj]
C:\Program Files\Microsoft Visual Studio\2022\Community\MSBuild\Microsoft\VC\v170\Microsoft.CppCommon.targets(1092,5): error MSB6003:    at System.IO.FileInfo.Delete() [D:\Dropbox\projects\code\monotextdisplay\build\msvc-windows\defaults\CMakeFiles\3.22.1\CompilerIdC\CompilerIdC.vcxproj]
C:\Program Files\Microsoft Visual Studio\2022\Community\MSBuild\Microsoft\VC\v170\Microsoft.CppCommon.targets(1092,5): error MSB6003:    at Microsoft.Build.CPPTasks.TrackedVCToolTask.DeleteEmptyFile(ITaskItem[] filesToDelete) [D:\Dropbox\projects\code\monotextdisplay\build\msvc-windows\defaults\CMakeFiles\3.22.1\CompilerIdC\CompilerIdC.vcxproj]
C:\Program Files\Microsoft Visual Studio\2022\Community\MSBuild\Microsoft\VC\v170\Microsoft.CppCommon.targets(1092,5): error MSB6003:    at Microsoft.Build.CPPTasks.TrackedVCToolTask.PostExecuteTool(Int32 exitCode) [D:\Dropbox\projects\code\monotextdisplay\build\msvc-windows\defaults\CMakeFiles\3.22.1\CompilerIdC\CompilerIdC.vcxproj]
C:\Program Files\Microsoft Visual Studio\2022\Community\MSBuild\Microsoft\VC\v170\Microsoft.CppCommon.targets(1092,5): error MSB6003:    at Microsoft.Build.CPPTasks.TrackedVCToolTask.ExecuteTool(String pathToTool, String responseFileCommands, String commandLineCommands) [D:\Dropbox\projects\code\monotextdisplay\build\msvc-windows\defaults\CMakeFiles\3.22.1\CompilerIdC\CompilerIdC.vcxproj]
C:\Program Files\Microsoft Visual Studio\2022\Community\MSBuild\Microsoft\VC\v170\Microsoft.CppCommon.targets(1092,5): error MSB6003:    at Microsoft.Build.Utilities.ToolTask.Execute() [D:\Dropbox\projects\code\monotextdisplay\build\msvc-windows\defaults\CMakeFiles\3.22.1\CompilerIdC\CompilerIdC.vcxproj]
Done Building Project "D:\Dropbox\projects\code\monotextdisplay\build\msvc-windows\defaults\CMakeFiles\3.22.1\CompilerIdC\CompilerIdC.vcxproj" (default targets) -- FAILED.

Build FAILED.

"D:\Dropbox\projects\code\monotextdisplay\build\msvc-windows\defaults\CMakeFiles\3.22.1\CompilerIdC\CompilerIdC.vcxproj" (default target) (1) ->
(Link target) -> 
  C:\Program Files\Microsoft Visual Studio\2022\Community\MSBuild\Microsoft\VC\v170\Microsoft.CppCommon.targets(1092,5): error MSB6003: The specified task executable "link.exe" could not be run. System.IO.IOException: The process cannot access the file 'Debug\CompilerIdC.tlog\link-cvtres.write.1.tlog' because it is being used by another process. [D:\Dropbox\projects\code\monotextdisplay\build\msvc-windows\defaults\CMakeFiles\3.22.1\CompilerIdC\CompilerIdC.vcxproj]
C:\Program Files\Microsoft Visual Studio\2022\Community\MSBuild\Microsoft\VC\v170\Microsoft.CppCommon.targets(1092,5): error MSB6003:    at System.IO.__Error.WinIOError(Int32 errorCode, String maybeFullPath) [D:\Dropbox\projects\code\monotextdisplay\build\msvc-windows\defaults\CMakeFiles\3.22.1\CompilerIdC\CompilerIdC.vcxproj]
C:\Program Files\Microsoft Visual Studio\2022\Community\MSBuild\Microsoft\VC\v170\Microsoft.CppCommon.targets(1092,5): error MSB6003:    at System.IO.FileInfo.Delete() [D:\Dropbox\projects\code\monotextdisplay\build\msvc-windows\defaults\CMakeFiles\3.22.1\CompilerIdC\CompilerIdC.vcxproj]
C:\Program Files\Microsoft Visual Studio\2022\Community\MSBuild\Microsoft\VC\v170\Microsoft.CppCommon.targets(1092,5): error MSB6003:    at Microsoft.Build.CPPTasks.TrackedVCToolTask.DeleteEmptyFile(ITaskItem[] filesToDelete) [D:\Dropbox\projects\code\monotextdisplay\build\msvc-windows\defaults\CMakeFiles\3.22.1\CompilerIdC\CompilerIdC.vcxproj]
C:\Program Files\Microsoft Visual Studio\2022\Community\MSBuild\Microsoft\VC\v170\Microsoft.CppCommon.targets(1092,5): error MSB6003:    at Microsoft.Build.CPPTasks.TrackedVCToolTask.PostExecuteTool(Int32 exitCode) [D:\Dropbox\projects\code\monotextdisplay\build\msvc-windows\defaults\CMakeFiles\3.22.1\CompilerIdC\CompilerIdC.vcxproj]
C:\Program Files\Microsoft Visual Studio\2022\Community\MSBuild\Microsoft\VC\v170\Microsoft.CppCommon.targets(1092,5): error MSB6003:    at Microsoft.Build.CPPTasks.TrackedVCToolTask.ExecuteTool(String pathToTool, String responseFileCommands, String commandLineCommands) [D:\Dropbox\projects\code\monotextdisplay\build\msvc-windows\defaults\CMakeFiles\3.22.1\CompilerIdC\CompilerIdC.vcxproj]
C:\Program Files\Microsoft Visual Studio\2022\Community\MSBuild\Microsoft\VC\v170\Microsoft.CppCommon.targets(1092,5): error MSB6003:    at Microsoft.Build.Utilities.ToolTask.Execute() [D:\Dropbox\projects\code\monotextdisplay\build\msvc-windows\defaults\CMakeFiles\3.22.1\CompilerIdC\CompilerIdC.vcxproj]

    0 Warning(s)
    1 Error(s)

Time Elapsed 00:00:01.18


Compiling the C compiler identification source file "CMakeCCompilerId.c" failed.
Compiler:  
Build flags: 
Id flags:  

The output was:
1
Microsoft (R) Build Engine version 17.1.0+ae57d105c for .NET Framework
Copyright (C) Microsoft Corporation. All rights reserved.

Build started 6/21/2022 8:49:35 AM.
Project "D:\Dropbox\projects\code\monotextdisplay\build\msvc-windows\defaults\CMakeFiles\3.22.1\CompilerIdC\CompilerIdC.vcxproj" on node 1 (default targets).
PrepareForBuild:
  Creating directory "Debug\".
  Creating directory "Debug\CompilerIdC.tlog\".
InitializeBuildStatus:
  Creating "Debug\CompilerIdC.tlog\unsuccessfulbuild" because "AlwaysCreate" was specified.
ClCompile:
  C:\Program Files\Microsoft Visual Studio\2022\Community\VC\Tools\MSVC\14.31.31103\bin\HostX64\x64\CL.exe /c /nologo /W0 /WX- /diagnostics:column /Od /D _MBCS /Gm- /EHsc /RTC1 /MDd /GS /fp:precise /Zc:wchar_t /Zc:forScope /Zc:inline /Fo"Debug\\" /Fd"Debug\vc143.pdb" /external:W0 /Gd /TC /FC /errorReport:queue CMakeCCompilerId.c
  CMakeCCompilerId.c
Link:
  C:\Program Files\Microsoft Visual Studio\2022\Community\VC\Tools\MSVC\14.31.31103\bin\HostX64\x64\link.exe /ERRORREPORT:QUEUE /OUT:".\CompilerIdC.exe" /INCREMENTAL:NO /NOLOGO kernel32.lib user32.lib gdi32.lib winspool.lib comdlg32.lib advapi32.lib shell32.lib ole32.lib oleaut32.lib uuid.lib odbc32.lib odbccp32.lib /MANIFEST /MANIFESTUAC:"level='asInvoker' uiAccess='false'" /manifest:embed /PDB:".\CompilerIdC.pdb" /SUBSYSTEM:CONSOLE /TLBID:1 /DYNAMICBASE /NXCOMPAT /IMPLIB:".\CompilerIdC.lib" /MACHINE:X64 Debug\CMakeCCompilerId.obj
C:\Program Files\Microsoft Visual Studio\2022\Community\MSBuild\Microsoft\VC\v170\Microsoft.CppCommon.targets(1092,5): error MSB6003: The specified task executable "link.exe" could not be run. System.IO.IOException: The process cannot access the file 'Debug\CompilerIdC.tlog\link-cvtres.write.1.tlog' because it is being used by another process. [D:\Dropbox\projects\code\monotextdisplay\build\msvc-windows\defaults\CMakeFiles\3.22.1\CompilerIdC\CompilerIdC.vcxproj]
C:\Program Files\Microsoft Visual Studio\2022\Community\MSBuild\Microsoft\VC\v170\Microsoft.CppCommon.targets(1092,5): error MSB6003:    at System.IO.__Error.WinIOError(Int32 errorCode, String maybeFullPath) [D:\Dropbox\projects\code\monotextdisplay\build\msvc-windows\defaults\CMakeFiles\3.22.1\CompilerIdC\CompilerIdC.vcxproj]
C:\Program Files\Microsoft Visual Studio\2022\Community\MSBuild\Microsoft\VC\v170\Microsoft.CppCommon.targets(1092,5): error MSB6003:    at System.IO.FileInfo.Delete() [D:\Dropbox\projects\code\monotextdisplay\build\msvc-windows\defaults\CMakeFiles\3.22.1\CompilerIdC\CompilerIdC.vcxproj]
C:\Program Files\Microsoft Visual Studio\2022\Community\MSBuild\Microsoft\VC\v170\Microsoft.CppCommon.targets(1092,5): error MSB6003:    at Microsoft.Build.CPPTasks.TrackedVCToolTask.DeleteEmptyFile(ITaskItem[] filesToDelete) [D:\Dropbox\projects\code\monotextdisplay\build\msvc-windows\defaults\CMakeFiles\3.22.1\CompilerIdC\CompilerIdC.vcxproj]
C:\Program Files\Microsoft Visual Studio\2022\Community\MSBuild\Microsoft\VC\v170\Microsoft.CppCommon.targets(1092,5): error MSB6003:    at Microsoft.Build.CPPTasks.TrackedVCToolTask.PostExecuteTool(Int32 exitCode) [D:\Dropbox\projects\code\monotextdisplay\build\msvc-windows\defaults\CMakeFiles\3.22.1\CompilerIdC\CompilerIdC.vcxproj]
C:\Program Files\Microsoft Visual Studio\2022\Community\MSBuild\Microsoft\VC\v170\Microsoft.CppCommon.targets(1092,5): error MSB6003:    at Microsoft.Build.CPPTasks.TrackedVCToolTask.ExecuteTool(String pathToTool, String responseFileCommands, String commandLineCommands) [D:\Dropbox\projects\code\monotextdisplay\build\msvc-windows\defaults\CMakeFiles\3.22.1\CompilerIdC\CompilerIdC.vcxproj]
C:\Program Files\Microsoft Visual Studio\2022\Community\MSBuild\Microsoft\VC\v170\Microsoft.CppCommon.targets(1092,5): error MSB6003:    at Microsoft.Build.Utilities.ToolTask.Execute() [D:\Dropbox\projects\code\monotextdisplay\build\msvc-windows\defaults\CMakeFiles\3.22.1\CompilerIdC\CompilerIdC.vcxproj]
Done Building Project "D:\Dropbox\projects\code\monotextdisplay\build\msvc-windows\defaults\CMakeFiles\3.22.1\CompilerIdC\CompilerIdC.vcxproj" (default targets) -- FAILED.

Build FAILED.

"D:\Dropbox\projects\code\monotextdisplay\build\msvc-windows\defaults\CMakeFiles\3.22.1\CompilerIdC\CompilerIdC.vcxproj" (default target) (1) ->
(Link target) -> 
  C:\Program Files\Microsoft Visual Studio\2022\Community\MSBuild\Microsoft\VC\v170\Microsoft.CppCommon.targets(1092,5): error MSB6003: The specified task executable "link.exe" could not be run. System.IO.IOException: The process cannot access the file 'Debug\CompilerIdC.tlog\link-cvtres.write.1.tlog' because it is being used by another process. [D:\Dropbox\projects\code\monotextdisplay\build\msvc-windows\defaults\CMakeFiles\3.22.1\CompilerIdC\CompilerIdC.vcxproj]
C:\Program Files\Microsoft Visual Studio\2022\Community\MSBuild\Microsoft\VC\v170\Microsoft.CppCommon.targets(1092,5): error MSB6003:    at System.IO.__Error.WinIOError(Int32 errorCode, String maybeFullPath) [D:\Dropbox\projects\code\monotextdisplay\build\msvc-windows\defaults\CMakeFiles\3.22.1\CompilerIdC\CompilerIdC.vcxproj]
C:\Program Files\Microsoft Visual Studio\2022\Community\MSBuild\Microsoft\VC\v170\Microsoft.CppCommon.targets(1092,5): error MSB6003:    at System.IO.FileInfo.Delete() [D:\Dropbox\projects\code\monotextdisplay\build\msvc-windows\defaults\CMakeFiles\3.22.1\CompilerIdC\CompilerIdC.vcxproj]
C:\Program Files\Microsoft Visual Studio\2022\Community\MSBuild\Microsoft\VC\v170\Microsoft.CppCommon.targets(1092,5): error MSB6003:    at Microsoft.Build.CPPTasks.TrackedVCToolTask.DeleteEmptyFile(ITaskItem[] filesToDelete) [D:\Dropbox\projects\code\monotextdisplay\build\msvc-windows\defaults\CMakeFiles\3.22.1\CompilerIdC\CompilerIdC.vcxproj]
C:\Program Files\Microsoft Visual Studio\2022\Community\MSBuild\Microsoft\VC\v170\Microsoft.CppCommon.targets(1092,5): error MSB6003:    at Microsoft.Build.CPPTasks.TrackedVCToolTask.PostExecuteTool(Int32 exitCode) [D:\Dropbox\projects\code\monotextdisplay\build\msvc-windows\defaults\CMakeFiles\3.22.1\CompilerIdC\CompilerIdC.vcxproj]
C:\Program Files\Microsoft Visual Studio\2022\Community\MSBuild\Microsoft\VC\v170\Microsoft.CppCommon.targets(1092,5): error MSB6003:    at Microsoft.Build.CPPTasks.TrackedVCToolTask.ExecuteTool(String pathToTool, String responseFileCommands, String commandLineCommands) [D:\Dropbox\projects\code\monotextdisplay\build\msvc-windows\defaults\CMakeFiles\3.22.1\CompilerIdC\CompilerIdC.vcxproj]
C:\Program Files\Microsoft Visual Studio\2022\Community\MSBuild\Microsoft\VC\v170\Microsoft.CppCommon.targets(1092,5): error MSB6003:    at Microsoft.Build.Utilities.ToolTask.Execute() [D:\Dropbox\projects\code\monotextdisplay\build\msvc-windows\defaults\CMakeFiles\3.22.1\CompilerIdC\CompilerIdC.vcxproj]

    0 Warning(s)
    1 Error(s)

Time Elapsed 00:00:01.23


Compiling the C compiler identification source file "CMakeCCompilerId.c" failed.
Compiler:  
Build flags: 
Id flags:  

The output was:
1
Microsoft (R) Build Engine version 17.1.0+ae57d105c for .NET Framework
Copyright (C) Microsoft Corporation. All rights reserved.

Build started 6/21/2022 8:50:10 AM.
Project "D:\Dropbox\projects\code\monotextdisplay\build\msvc-windows\defaults\CMakeFiles\3.22.1\CompilerIdC\CompilerIdC.vcxproj" on node 1 (default targets).
PrepareForBuild:
  Creating directory "Debug\".
  Creating directory "Debug\CompilerIdC.tlog\".
InitializeBuildStatus:
  Creating "Debug\CompilerIdC.tlog\unsuccessfulbuild" because "AlwaysCreate" was specified.
ClCompile:
  C:\Program Files\Microsoft Visual Studio\2022\Community\VC\Tools\MSVC\14.31.31103\bin\HostX64\x64\CL.exe /c /nologo /W0 /WX- /diagnostics:column /Od /D _MBCS /Gm- /EHsc /RTC1 /MDd /GS /fp:precise /Zc:wchar_t /Zc:forScope /Zc:inline /Fo"Debug\\" /Fd"Debug\vc143.pdb" /external:W0 /Gd /TC /FC /errorReport:queue CMakeCCompilerId.c
  CMakeCCompilerId.c
Link:
  C:\Program Files\Microsoft Visual Studio\2022\Community\VC\Tools\MSVC\14.31.31103\bin\HostX64\x64\link.exe /ERRORREPORT:QUEUE /OUT:".\CompilerIdC.exe" /INCREMENTAL:NO /NOLOGO kernel32.lib user32.lib gdi32.lib winspool.lib comdlg32.lib advapi32.lib shell32.lib ole32.lib oleaut32.lib uuid.lib odbc32.lib odbccp32.lib /MANIFEST /MANIFESTUAC:"level='asInvoker' uiAccess='false'" /manifest:embed /PDB:".\CompilerIdC.pdb" /SUBSYSTEM:CONSOLE /TLBID:1 /DYNAMICBASE /NXCOMPAT /IMPLIB:".\CompilerIdC.lib" /MACHINE:X64 Debug\CMakeCCompilerId.obj
C:\Program Files\Microsoft Visual Studio\2022\Community\MSBuild\Microsoft\VC\v170\Microsoft.CppCommon.targets(1092,5): error MSB6003: The specified task executable "link.exe" could not be run. System.IO.IOException: The process cannot access the file 'Debug\CompilerIdC.tlog\link-cvtres.write.1.tlog' because it is being used by another process. [D:\Dropbox\projects\code\monotextdisplay\build\msvc-windows\defaults\CMakeFiles\3.22.1\CompilerIdC\CompilerIdC.vcxproj]
C:\Program Files\Microsoft Visual Studio\2022\Community\MSBuild\Microsoft\VC\v170\Microsoft.CppCommon.targets(1092,5): error MSB6003:    at System.IO.__Error.WinIOError(Int32 errorCode, String maybeFullPath) [D:\Dropbox\projects\code\monotextdisplay\build\msvc-windows\defaults\CMakeFiles\3.22.1\CompilerIdC\CompilerIdC.vcxproj]
C:\Program Files\Microsoft Visual Studio\2022\Community\MSBuild\Microsoft\VC\v170\Microsoft.CppCommon.targets(1092,5): error MSB6003:    at System.IO.FileInfo.Delete() [D:\Dropbox\projects\code\monotextdisplay\build\msvc-windows\defaults\CMakeFiles\3.22.1\CompilerIdC\CompilerIdC.vcxproj]
C:\Program Files\Microsoft Visual Studio\2022\Community\MSBuild\Microsoft\VC\v170\Microsoft.CppCommon.targets(1092,5): error MSB6003:    at Microsoft.Build.CPPTasks.TrackedVCToolTask.DeleteEmptyFile(ITaskItem[] filesToDelete) [D:\Dropbox\projects\code\monotextdisplay\build\msvc-windows\defaults\CMakeFiles\3.22.1\CompilerIdC\CompilerIdC.vcxproj]
C:\Program Files\Microsoft Visual Studio\2022\Community\MSBuild\Microsoft\VC\v170\Microsoft.CppCommon.targets(1092,5): error MSB6003:    at Microsoft.Build.CPPTasks.TrackedVCToolTask.PostExecuteTool(Int32 exitCode) [D:\Dropbox\projects\code\monotextdisplay\build\msvc-windows\defaults\CMakeFiles\3.22.1\CompilerIdC\CompilerIdC.vcxproj]
C:\Program Files\Microsoft Visual Studio\2022\Community\MSBuild\Microsoft\VC\v170\Microsoft.CppCommon.targets(1092,5): error MSB6003:    at Microsoft.Build.CPPTasks.TrackedVCToolTask.ExecuteTool(String pathToTool, String responseFileCommands, String commandLineCommands) [D:\Dropbox\projects\code\monotextdisplay\build\msvc-windows\defaults\CMakeFiles\3.22.1\CompilerIdC\CompilerIdC.vcxproj]
C:\Program Files\Microsoft Visual Studio\2022\Community\MSBuild\Microsoft\VC\v170\Microsoft.CppCommon.targets(1092,5): error MSB6003:    at Microsoft.Build.Utilities.ToolTask.Execute() [D:\Dropbox\projects\code\monotextdisplay\build\msvc-windows\defaults\CMakeFiles\3.22.1\CompilerIdC\CompilerIdC.vcxproj]
Done Building Project "D:\Dropbox\projects\code\monotextdisplay\build\msvc-windows\defaults\CMakeFiles\3.22.1\CompilerIdC\CompilerIdC.vcxproj" (default targets) -- FAILED.

Build FAILED.

"D:\Dropbox\projects\code\monotextdisplay\build\msvc-windows\defaults\CMakeFiles\3.22.1\CompilerIdC\CompilerIdC.vcxproj" (default target) (1) ->
(Link target) -> 
  C:\Program Files\Microsoft Visual Studio\2022\Community\MSBuild\Microsoft\VC\v170\Microsoft.CppCommon.targets(1092,5): error MSB6003: The specified task executable "link.exe" could not be run. System.IO.IOException: The process cannot access the file 'Debug\CompilerIdC.tlog\link-cvtres.write.1.tlog' because it is being used by another process. [D:\Dropbox\projects\code\monotextdisplay\build\msvc-windows\defaults\CMakeFiles\3.22.1\CompilerIdC\CompilerIdC.vcxproj]
C:\Program Files\Microsoft Visual Studio\2022\Community\MSBuild\Microsoft\VC\v170\Microsoft.CppCommon.targets(1092,5): error MSB6003:    at System.IO.__Error.WinIOError(Int32 errorCode, String maybeFullPath) [D:\Dropbox\projects\code\monotextdisplay\build\msvc-windows\defaults\CMakeFiles\3.22.1\CompilerIdC\CompilerIdC.vcxproj]
C:\Program Files\Microsoft Visual Studio\2022\Community\MSBuild\Microsoft\VC\v170\Microsoft.CppCommon.targets(1092,5): error MSB6003:    at System.IO.FileInfo.Delete() [D:\Dropbox\projects\code\monotextdisplay\build\msvc-windows\defaults\CMakeFiles\3.22.1\CompilerIdC\CompilerIdC.vcxproj]
C:\Program Files\Microsoft Visual Studio\2022\Community\MSBuild\Microsoft\VC\v170\Microsoft.CppCommon.targets(1092,5): error MSB6003:    at Microsoft.Build.CPPTasks.TrackedVCToolTask.DeleteEmptyFile(ITaskItem[] filesToDelete) [D:\Dropbox\projects\code\monotextdisplay\build\msvc-windows\defaults\CMakeFiles\3.22.1\CompilerIdC\CompilerIdC.vcxproj]
C:\Program Files\Microsoft Visual Studio\2022\Community\MSBuild\Microsoft\VC\v170\Microsoft.CppCommon.targets(1092,5): error MSB6003:    at Microsoft.Build.CPPTasks.TrackedVCToolTask.PostExecuteTool(Int32 exitCode) [D:\Dropbox\projects\code\monotextdisplay\build\msvc-windows\defaults\CMakeFiles\3.22.1\CompilerIdC\CompilerIdC.vcxproj]
C:\Program Files\Microsoft Visual Studio\2022\Community\MSBuild\Microsoft\VC\v170\Microsoft.CppCommon.targets(1092,5): error MSB6003:    at Microsoft.Build.CPPTasks.TrackedVCToolTask.ExecuteTool(String pathToTool, String responseFileCommands, String commandLineCommands) [D:\Dropbox\projects\code\monotextdisplay\build\msvc-windows\defaults\CMakeFiles\3.22.1\CompilerIdC\CompilerIdC.vcxproj]
C:\Program Files\Microsoft Visual Studio\2022\Community\MSBuild\Microsoft\VC\v170\Microsoft.CppCommon.targets(1092,5): error MSB6003:    at Microsoft.Build.Utilities.ToolTask.Execute() [D:\Dropbox\projects\code\monotextdisplay\build\msvc-windows\defaults\CMakeFiles\3.22.1\CompilerIdC\CompilerIdC.vcxproj]

    0 Warning(s)
    1 Error(s)

Time Elapsed 00:00:01.24


Compiling the C compiler identification source file "CMakeCCompilerId.c" failed.
Compiler:  
Build flags: 
Id flags:  

The output was:
1
Microsoft (R) Build Engine version 17.1.0+ae57d105c for .NET Framework
Copyright (C) Microsoft Corporation. All rights reserved.

Build started 6/21/2022 8:50:12 AM.
Project "D:\Dropbox\projects\code\monotextdisplay\build\msvc-windows\defaults\CMakeFiles\3.22.1\CompilerIdC\CompilerIdC.vcxproj" on node 1 (default targets).
PrepareForBuild:
  Creating directory "Debug\".
  Creating directory "Debug\CompilerIdC.tlog\".
InitializeBuildStatus:
  Creating "Debug\CompilerIdC.tlog\unsuccessfulbuild" because "AlwaysCreate" was specified.
ClCompile:
  C:\Program Files\Microsoft Visual Studio\2022\Community\VC\Tools\MSVC\14.31.31103\bin\HostX64\x64\CL.exe /c /nologo /W0 /WX- /diagnostics:column /Od /D _MBCS /Gm- /EHsc /RTC1 /MDd /GS /fp:precise /Zc:wchar_t /Zc:forScope /Zc:inline /Fo"Debug\\" /Fd"Debug\vc143.pdb" /external:W0 /Gd /TC /FC /errorReport:queue CMakeCCompilerId.c
  CMakeCCompilerId.c
Link:
  C:\Program Files\Microsoft Visual Studio\2022\Community\VC\Tools\MSVC\14.31.31103\bin\HostX64\x64\link.exe /ERRORREPORT:QUEUE /OUT:".\CompilerIdC.exe" /INCREMENTAL:NO /NOLOGO kernel32.lib user32.lib gdi32.lib winspool.lib comdlg32.lib advapi32.lib shell32.lib ole32.lib oleaut32.lib uuid.lib odbc32.lib odbccp32.lib /MANIFEST /MANIFESTUAC:"level='asInvoker' uiAccess='false'" /manifest:embed /PDB:".\CompilerIdC.pdb" /SUBSYSTEM:CONSOLE /TLBID:1 /DYNAMICBASE /NXCOMPAT /IMPLIB:".\CompilerIdC.lib" /MACHINE:X64 Debug\CMakeCCompilerId.obj
C:\Program Files\Microsoft Visual Studio\2022\Community\MSBuild\Microsoft\VC\v170\Microsoft.CppCommon.targets(1092,5): error MSB6003: The specified task executable "link.exe" could not be run. System.IO.IOException: The process cannot access the file 'Debug\CompilerIdC.tlog\link-cvtres.write.1.tlog' because it is being used by another process. [D:\Dropbox\projects\code\monotextdisplay\build\msvc-windows\defaults\CMakeFiles\3.22.1\CompilerIdC\CompilerIdC.vcxproj]
C:\Program Files\Microsoft Visual Studio\2022\Community\MSBuild\Microsoft\VC\v170\Microsoft.CppCommon.targets(1092,5): error MSB6003:    at System.IO.__Error.WinIOError(Int32 errorCode, String maybeFullPath) [D:\Dropbox\projects\code\monotextdisplay\build\msvc-windows\defaults\CMakeFiles\3.22.1\CompilerIdC\CompilerIdC.vcxproj]
C:\Program Files\Microsoft Visual Studio\2022\Community\MSBuild\Microsoft\VC\v170\Microsoft.CppCommon.targets(1092,5): error MSB6003:    at System.IO.FileInfo.Delete() [D:\Dropbox\projects\code\monotextdisplay\build\msvc-windows\defaults\CMakeFiles\3.22.1\CompilerIdC\CompilerIdC.vcxproj]
C:\Program Files\Microsoft Visual Studio\2022\Community\MSBuild\Microsoft\VC\v170\Microsoft.CppCommon.targets(1092,5): error MSB6003:    at Microsoft.Build.CPPTasks.TrackedVCToolTask.DeleteEmptyFile(ITaskItem[] filesToDelete) [D:\Dropbox\projects\code\monotextdisplay\build\msvc-windows\defaults\CMakeFiles\3.22.1\CompilerIdC\CompilerIdC.vcxproj]
C:\Program Files\Microsoft Visual Studio\2022\Community\MSBuild\Microsoft\VC\v170\Microsoft.CppCommon.targets(1092,5): error MSB6003:    at Microsoft.Build.CPPTasks.TrackedVCToolTask.PostExecuteTool(Int32 exitCode) [D:\Dropbox\projects\code\monotextdisplay\build\msvc-windows\defaults\CMakeFiles\3.22.1\CompilerIdC\CompilerIdC.vcxproj]
C:\Program Files\Microsoft Visual Studio\2022\Community\MSBuild\Microsoft\VC\v170\Microsoft.CppCommon.targets(1092,5): error MSB6003:    at Microsoft.Build.CPPTasks.TrackedVCToolTask.ExecuteTool(String pathToTool, String responseFileCommands, String commandLineCommands) [D:\Dropbox\projects\code\monotextdisplay\build\msvc-windows\defaults\CMakeFiles\3.22.1\CompilerIdC\CompilerIdC.vcxproj]
C:\Program Files\Microsoft Visual Studio\2022\Community\MSBuild\Microsoft\VC\v170\Microsoft.CppCommon.targets(1092,5): error MSB6003:    at Microsoft.Build.Utilities.ToolTask.Execute() [D:\Dropbox\projects\code\monotextdisplay\build\msvc-windows\defaults\CMakeFiles\3.22.1\CompilerIdC\CompilerIdC.vcxproj]
Done Building Project "D:\Dropbox\projects\code\monotextdisplay\build\msvc-windows\defaults\CMakeFiles\3.22.1\CompilerIdC\CompilerIdC.vcxproj" (default targets) -- FAILED.

Build FAILED.

"D:\Dropbox\projects\code\monotextdisplay\build\msvc-windows\defaults\CMakeFiles\3.22.1\CompilerIdC\CompilerIdC.vcxproj" (default target) (1) ->
(Link target) -> 
  C:\Program Files\Microsoft Visual Studio\2022\Community\MSBuild\Microsoft\VC\v170\Microsoft.CppCommon.targets(1092,5): error MSB6003: The specified task executable "link.exe" could not be run. System.IO.IOException: The process cannot access the file 'Debug\CompilerIdC.tlog\link-cvtres.write.1.tlog' because it is being used by another process. [D:\Dropbox\projects\code\monotextdisplay\build\msvc-windows\defaults\CMakeFiles\3.22.1\CompilerIdC\CompilerIdC.vcxproj]
C:\Program Files\Microsoft Visual Studio\2022\Community\MSBuild\Microsoft\VC\v170\Microsoft.CppCommon.targets(1092,5): error MSB6003:    at System.IO.__Error.WinIOError(Int32 errorCode, String maybeFullPath) [D:\Dropbox\projects\code\monotextdisplay\build\msvc-windows\defaults\CMakeFiles\3.22.1\CompilerIdC\CompilerIdC.vcxproj]
C:\Program Files\Microsoft Visual Studio\2022\Community\MSBuild\Microsoft\VC\v170\Microsoft.CppCommon.targets(1092,5): error MSB6003:    at System.IO.FileInfo.Delete() [D:\Dropbox\projects\code\monotextdisplay\build\msvc-windows\defaults\CMakeFiles\3.22.1\CompilerIdC\CompilerIdC.vcxproj]
C:\Program Files\Microsoft Visual Studio\2022\Community\MSBuild\Microsoft\VC\v170\Microsoft.CppCommon.targets(1092,5): error MSB6003:    at Microsoft.Build.CPPTasks.TrackedVCToolTask.DeleteEmptyFile(ITaskItem[] filesToDelete) [D:\Dropbox\projects\code\monotextdisplay\build\msvc-windows\defaults\CMakeFiles\3.22.1\CompilerIdC\CompilerIdC.vcxproj]
C:\Program Files\Microsoft Visual Studio\2022\Community\MSBuild\Microsoft\VC\v170\Microsoft.CppCommon.targets(1092,5): error MSB6003:    at Microsoft.Build.CPPTasks.TrackedVCToolTask.PostExecuteTool(Int32 exitCode) [D:\Dropbox\projects\code\monotextdisplay\build\msvc-windows\defaults\CMakeFiles\3.22.1\CompilerIdC\CompilerIdC.vcxproj]
C:\Program Files\Microsoft Visual Studio\2022\Community\MSBuild\Microsoft\VC\v170\Microsoft.CppCommon.targets(1092,5): error MSB6003:    at Microsoft.Build.CPPTasks.TrackedVCToolTask.ExecuteTool(String pathToTool, String responseFileCommands, String commandLineCommands) [D:\Dropbox\projects\code\monotextdisplay\build\msvc-windows\defaults\CMakeFiles\3.22.1\CompilerIdC\CompilerIdC.vcxproj]
C:\Program Files\Microsoft Visual Studio\2022\Community\MSBuild\Microsoft\VC\v170\Microsoft.CppCommon.targets(1092,5): error MSB6003:    at Microsoft.Build.Utilities.ToolTask.Execute() [D:\Dropbox\projects\code\monotextdisplay\build\msvc-windows\defaults\CMakeFiles\3.22.1\CompilerIdC\CompilerIdC.vcxproj]

    0 Warning(s)
    1 Error(s)

Time Elapsed 00:00:01.23


Compiling the C compiler identification source file "CMakeCCompilerId.c" failed.
Compiler:  
Build flags: 
Id flags:  

The output was:
1
Microsoft (R) Build Engine version 17.1.0+ae57d105c for .NET Framework
Copyright (C) Microsoft Corporation. All rights reserved.

Build started 6/21/2022 8:54:00 AM.
Project "D:\Dropbox\projects\code\monotextdisplay\build\msvc-windows\defaults\CMakeFiles\3.22.1\CompilerIdC\CompilerIdC.vcxproj" on node 1 (default targets).
PrepareForBuild:
  Creating directory "Debug\".
  Creating directory "Debug\CompilerIdC.tlog\".
InitializeBuildStatus:
  Creating "Debug\CompilerIdC.tlog\unsuccessfulbuild" because "AlwaysCreate" was specified.
ClCompile:
  C:\Program Files\Microsoft Visual Studio\2022\Community\VC\Tools\MSVC\14.31.31103\bin\HostX64\x64\CL.exe /c /nologo /W0 /WX- /diagnostics:column /Od /D _MBCS /Gm- /EHsc /RTC1 /MDd /GS /fp:precise /Zc:wchar_t /Zc:forScope /Zc:inline /Fo"Debug\\" /Fd"Debug\vc143.pdb" /external:W0 /Gd /TC /FC /errorReport:queue CMakeCCompilerId.c
  CMakeCCompilerId.c
Link:
  C:\Program Files\Microsoft Visual Studio\2022\Community\VC\Tools\MSVC\14.31.31103\bin\HostX64\x64\link.exe /ERRORREPORT:QUEUE /OUT:".\CompilerIdC.exe" /INCREMENTAL:NO /NOLOGO kernel32.lib user32.lib gdi32.lib winspool.lib comdlg32.lib advapi32.lib shell32.lib ole32.lib oleaut32.lib uuid.lib odbc32.lib odbccp32.lib /MANIFEST /MANIFESTUAC:"level='asInvoker' uiAccess='false'" /manifest:embed /PDB:".\CompilerIdC.pdb" /SUBSYSTEM:CONSOLE /TLBID:1 /DYNAMICBASE /NXCOMPAT /IMPLIB:".\CompilerIdC.lib" /MACHINE:X64 Debug\CMakeCCompilerId.obj
C:\Program Files\Microsoft Visual Studio\2022\Community\MSBuild\Microsoft\VC\v170\Microsoft.CppCommon.targets(1092,5): error MSB6003: The specified task executable "link.exe" could not be run. System.IO.IOException: The process cannot access the file 'Debug\CompilerIdC.tlog\link-cvtres.write.1.tlog' because it is being used by another process. [D:\Dropbox\projects\code\monotextdisplay\build\msvc-windows\defaults\CMakeFiles\3.22.1\CompilerIdC\CompilerIdC.vcxproj]
C:\Program Files\Microsoft Visual Studio\2022\Community\MSBuild\Microsoft\VC\v170\Microsoft.CppCommon.targets(1092,5): error MSB6003:    at System.IO.__Error.WinIOError(Int32 errorCode, String maybeFullPath) [D:\Dropbox\projects\code\monotextdisplay\build\msvc-windows\defaults\CMakeFiles\3.22.1\CompilerIdC\CompilerIdC.vcxproj]
C:\Program Files\Microsoft Visual Studio\2022\Community\MSBuild\Microsoft\VC\v170\Microsoft.CppCommon.targets(1092,5): error MSB6003:    at System.IO.FileInfo.Delete() [D:\Dropbox\projects\code\monotextdisplay\build\msvc-windows\defaults\CMakeFiles\3.22.1\CompilerIdC\CompilerIdC.vcxproj]
C:\Program Files\Microsoft Visual Studio\2022\Community\MSBuild\Microsoft\VC\v170\Microsoft.CppCommon.targets(1092,5): error MSB6003:    at Microsoft.Build.CPPTasks.TrackedVCToolTask.DeleteEmptyFile(ITaskItem[] filesToDelete) [D:\Dropbox\projects\code\monotextdisplay\build\msvc-windows\defaults\CMakeFiles\3.22.1\CompilerIdC\CompilerIdC.vcxproj]
C:\Program Files\Microsoft Visual Studio\2022\Community\MSBuild\Microsoft\VC\v170\Microsoft.CppCommon.targets(1092,5): error MSB6003:    at Microsoft.Build.CPPTasks.TrackedVCToolTask.PostExecuteTool(Int32 exitCode) [D:\Dropbox\projects\code\monotextdisplay\build\msvc-windows\defaults\CMakeFiles\3.22.1\CompilerIdC\CompilerIdC.vcxproj]
C:\Program Files\Microsoft Visual Studio\2022\Community\MSBuild\Microsoft\VC\v170\Microsoft.CppCommon.targets(1092,5): error MSB6003:    at Microsoft.Build.CPPTasks.TrackedVCToolTask.ExecuteTool(String pathToTool, String responseFileCommands, String commandLineCommands) [D:\Dropbox\projects\code\monotextdisplay\build\msvc-windows\defaults\CMakeFiles\3.22.1\CompilerIdC\CompilerIdC.vcxproj]
C:\Program Files\Microsoft Visual Studio\2022\Community\MSBuild\Microsoft\VC\v170\Microsoft.CppCommon.targets(1092,5): error MSB6003:    at Microsoft.Build.Utilities.ToolTask.Execute() [D:\Dropbox\projects\code\monotextdisplay\build\msvc-windows\defaults\CMakeFiles\3.22.1\CompilerIdC\CompilerIdC.vcxproj]
Done Building Project "D:\Dropbox\projects\code\monotextdisplay\build\msvc-windows\defaults\CMakeFiles\3.22.1\CompilerIdC\CompilerIdC.vcxproj" (default targets) -- FAILED.

Build FAILED.

"D:\Dropbox\projects\code\monotextdisplay\build\msvc-windows\defaults\CMakeFiles\3.22.1\CompilerIdC\CompilerIdC.vcxproj" (default target) (1) ->
(Link target) -> 
  C:\Program Files\Microsoft Visual Studio\2022\Community\MSBuild\Microsoft\VC\v170\Microsoft.CppCommon.targets(1092,5): error MSB6003: The specified task executable "link.exe" could not be run. System.IO.IOException: The process cannot access the file 'Debug\CompilerIdC.tlog\link-cvtres.write.1.tlog' because it is being used by another process. [D:\Dropbox\projects\code\monotextdisplay\build\msvc-windows\defaults\CMakeFiles\3.22.1\CompilerIdC\CompilerIdC.vcxproj]
C:\Program Files\Microsoft Visual Studio\2022\Community\MSBuild\Microsoft\VC\v170\Microsoft.CppCommon.targets(1092,5): error MSB6003:    at System.IO.__Error.WinIOError(Int32 errorCode, String maybeFullPath) [D:\Dropbox\projects\code\monotextdisplay\build\msvc-windows\defaults\CMakeFiles\3.22.1\CompilerIdC\CompilerIdC.vcxproj]
C:\Program Files\Microsoft Visual Studio\2022\Community\MSBuild\Microsoft\VC\v170\Microsoft.CppCommon.targets(1092,5): error MSB6003:    at System.IO.FileInfo.Delete() [D:\Dropbox\projects\code\monotextdisplay\build\msvc-windows\defaults\CMakeFiles\3.22.1\CompilerIdC\CompilerIdC.vcxproj]
C:\Program Files\Microsoft Visual Studio\2022\Community\MSBuild\Microsoft\VC\v170\Microsoft.CppCommon.targets(1092,5): error MSB6003:    at Microsoft.Build.CPPTasks.TrackedVCToolTask.DeleteEmptyFile(ITaskItem[] filesToDelete) [D:\Dropbox\projects\code\monotextdisplay\build\msvc-windows\defaults\CMakeFiles\3.22.1\CompilerIdC\CompilerIdC.vcxproj]
C:\Program Files\Microsoft Visual Studio\2022\Community\MSBuild\Microsoft\VC\v170\Microsoft.CppCommon.targets(1092,5): error MSB6003:    at Microsoft.Build.CPPTasks.TrackedVCToolTask.PostExecuteTool(Int32 exitCode) [D:\Dropbox\projects\code\monotextdisplay\build\msvc-windows\defaults\CMakeFiles\3.22.1\CompilerIdC\CompilerIdC.vcxproj]
C:\Program Files\Microsoft Visual Studio\2022\Community\MSBuild\Microsoft\VC\v170\Microsoft.CppCommon.targets(1092,5): error MSB6003:    at Microsoft.Build.CPPTasks.TrackedVCToolTask.ExecuteTool(String pathToTool, String responseFileCommands, String commandLineCommands) [D:\Dropbox\projects\code\monotextdisplay\build\msvc-windows\defaults\CMakeFiles\3.22.1\CompilerIdC\CompilerIdC.vcxproj]
C:\Program Files\Microsoft Visual Studio\2022\Community\MSBuild\Microsoft\VC\v170\Microsoft.CppCommon.targets(1092,5): error MSB6003:    at Microsoft.Build.Utilities.ToolTask.Execute() [D:\Dropbox\projects\code\monotextdisplay\build\msvc-windows\defaults\CMakeFiles\3.22.1\CompilerIdC\CompilerIdC.vcxproj]

    0 Warning(s)
    1 Error(s)

Time Elapsed 00:00:01.32


Compiling the C compiler identification source file "CMakeCCompilerId.c" failed.
Compiler:  
Build flags: 
Id flags:  

The output was:
1
Microsoft (R) Build Engine version 17.1.0+ae57d105c for .NET Framework
Copyright (C) Microsoft Corporation. All rights reserved.

Build started 6/21/2022 8:54:02 AM.
Project "D:\Dropbox\projects\code\monotextdisplay\build\msvc-windows\defaults\CMakeFiles\3.22.1\CompilerIdC\CompilerIdC.vcxproj" on node 1 (default targets).
PrepareForBuild:
  Creating directory "Debug\".
  Creating directory "Debug\CompilerIdC.tlog\".
InitializeBuildStatus:
  Creating "Debug\CompilerIdC.tlog\unsuccessfulbuild" because "AlwaysCreate" was specified.
ClCompile:
  C:\Program Files\Microsoft Visual Studio\2022\Community\VC\Tools\MSVC\14.31.31103\bin\HostX64\x64\CL.exe /c /nologo /W0 /WX- /diagnostics:column /Od /D _MBCS /Gm- /EHsc /RTC1 /MDd /GS /fp:precise /Zc:wchar_t /Zc:forScope /Zc:inline /Fo"Debug\\" /Fd"Debug\vc143.pdb" /external:W0 /Gd /TC /FC /errorReport:queue CMakeCCompilerId.c
  CMakeCCompilerId.c
Link:
  C:\Program Files\Microsoft Visual Studio\2022\Community\VC\Tools\MSVC\14.31.31103\bin\HostX64\x64\link.exe /ERRORREPORT:QUEUE /OUT:".\CompilerIdC.exe" /INCREMENTAL:NO /NOLOGO kernel32.lib user32.lib gdi32.lib winspool.lib comdlg32.lib advapi32.lib shell32.lib ole32.lib oleaut32.lib uuid.lib odbc32.lib odbccp32.lib /MANIFEST /MANIFESTUAC:"level='asInvoker' uiAccess='false'" /manifest:embed /PDB:".\CompilerIdC.pdb" /SUBSYSTEM:CONSOLE /TLBID:1 /DYNAMICBASE /NXCOMPAT /IMPLIB:".\CompilerIdC.lib" /MACHINE:X64 Debug\CMakeCCompilerId.obj
C:\Program Files\Microsoft Visual Studio\2022\Community\MSBuild\Microsoft\VC\v170\Microsoft.CppCommon.targets(1092,5): error MSB6003: The specified task executable "link.exe" could not be run. System.IO.IOException: The process cannot access the file 'Debug\CompilerIdC.tlog\link-cvtres.write.1.tlog' because it is being used by another process. [D:\Dropbox\projects\code\monotextdisplay\build\msvc-windows\defaults\CMakeFiles\3.22.1\CompilerIdC\CompilerIdC.vcxproj]
C:\Program Files\Microsoft Visual Studio\2022\Community\MSBuild\Microsoft\VC\v170\Microsoft.CppCommon.targets(1092,5): error MSB6003:    at System.IO.__Error.WinIOError(Int32 errorCode, String maybeFullPath) [D:\Dropbox\projects\code\monotextdisplay\build\msvc-windows\defaults\CMakeFiles\3.22.1\CompilerIdC\CompilerIdC.vcxproj]
C:\Program Files\Microsoft Visual Studio\2022\Community\MSBuild\Microsoft\VC\v170\Microsoft.CppCommon.targets(1092,5): error MSB6003:    at System.IO.FileInfo.Delete() [D:\Dropbox\projects\code\monotextdisplay\build\msvc-windows\defaults\CMakeFiles\3.22.1\CompilerIdC\CompilerIdC.vcxproj]
C:\Program Files\Microsoft Visual Studio\2022\Community\MSBuild\Microsoft\VC\v170\Microsoft.CppCommon.targets(1092,5): error MSB6003:    at Microsoft.Build.CPPTasks.TrackedVCToolTask.DeleteEmptyFile(ITaskItem[] filesToDelete) [D:\Dropbox\projects\code\monotextdisplay\build\msvc-windows\defaults\CMakeFiles\3.22.1\CompilerIdC\CompilerIdC.vcxproj]
C:\Program Files\Microsoft Visual Studio\2022\Community\MSBuild\Microsoft\VC\v170\Microsoft.CppCommon.targets(1092,5): error MSB6003:    at Microsoft.Build.CPPTasks.TrackedVCToolTask.PostExecuteTool(Int32 exitCode) [D:\Dropbox\projects\code\monotextdisplay\build\msvc-windows\defaults\CMakeFiles\3.22.1\CompilerIdC\CompilerIdC.vcxproj]
C:\Program Files\Microsoft Visual Studio\2022\Community\MSBuild\Microsoft\VC\v170\Microsoft.CppCommon.targets(1092,5): error MSB6003:    at Microsoft.Build.CPPTasks.TrackedVCToolTask.ExecuteTool(String pathToTool, String responseFileCommands, String commandLineCommands) [D:\Dropbox\projects\code\monotextdisplay\build\msvc-windows\defaults\CMakeFiles\3.22.1\CompilerIdC\CompilerIdC.vcxproj]
C:\Program Files\Microsoft Visual Studio\2022\Community\MSBuild\Microsoft\VC\v170\Microsoft.CppCommon.targets(1092,5): error MSB6003:    at Microsoft.Build.Utilities.ToolTask.Execute() [D:\Dropbox\projects\code\monotextdisplay\build\msvc-windows\defaults\CMakeFiles\3.22.1\CompilerIdC\CompilerIdC.vcxproj]
Done Building Project "D:\Dropbox\projects\code\monotextdisplay\build\msvc-windows\defaults\CMakeFiles\3.22.1\CompilerIdC\CompilerIdC.vcxproj" (default targets) -- FAILED.

Build FAILED.

"D:\Dropbox\projects\code\monotextdisplay\build\msvc-windows\defaults\CMakeFiles\3.22.1\CompilerIdC\CompilerIdC.vcxproj" (default target) (1) ->
(Link target) -> 
  C:\Program Files\Microsoft Visual Studio\2022\Community\MSBuild\Microsoft\VC\v170\Microsoft.CppCommon.targets(1092,5): error MSB6003: The specified task executable "link.exe" could not be run. System.IO.IOException: The process cannot access the file 'Debug\CompilerIdC.tlog\link-cvtres.write.1.tlog' because it is being used by another process. [D:\Dropbox\projects\code\monotextdisplay\build\msvc-windows\defaults\CMakeFiles\3.22.1\CompilerIdC\CompilerIdC.vcxproj]
C:\Program Files\Microsoft Visual Studio\2022\Community\MSBuild\Microsoft\VC\v170\Microsoft.CppCommon.targets(1092,5): error MSB6003:    at System.IO.__Error.WinIOError(Int32 errorCode, String maybeFullPath) [D:\Dropbox\projects\code\monotextdisplay\build\msvc-windows\defaults\CMakeFiles\3.22.1\CompilerIdC\CompilerIdC.vcxproj]
C:\Program Files\Microsoft Visual Studio\2022\Community\MSBuild\Microsoft\VC\v170\Microsoft.CppCommon.targets(1092,5): error MSB6003:    at System.IO.FileInfo.Delete() [D:\Dropbox\projects\code\monotextdisplay\build\msvc-windows\defaults\CMakeFiles\3.22.1\CompilerIdC\CompilerIdC.vcxproj]
C:\Program Files\Microsoft Visual Studio\2022\Community\MSBuild\Microsoft\VC\v170\Microsoft.CppCommon.targets(1092,5): error MSB6003:    at Microsoft.Build.CPPTasks.TrackedVCToolTask.DeleteEmptyFile(ITaskItem[] filesToDelete) [D:\Dropbox\projects\code\monotextdisplay\build\msvc-windows\defaults\CMakeFiles\3.22.1\CompilerIdC\CompilerIdC.vcxproj]
C:\Program Files\Microsoft Visual Studio\2022\Community\MSBuild\Microsoft\VC\v170\Microsoft.CppCommon.targets(1092,5): error MSB6003:    at Microsoft.Build.CPPTasks.TrackedVCToolTask.PostExecuteTool(Int32 exitCode) [D:\Dropbox\projects\code\monotextdisplay\build\msvc-windows\defaults\CMakeFiles\3.22.1\CompilerIdC\CompilerIdC.vcxproj]
C:\Program Files\Microsoft Visual Studio\2022\Community\MSBuild\Microsoft\VC\v170\Microsoft.CppCommon.targets(1092,5): error MSB6003:    at Microsoft.Build.CPPTasks.TrackedVCToolTask.ExecuteTool(String pathToTool, String responseFileCommands, String commandLineCommands) [D:\Dropbox\projects\code\monotextdisplay\build\msvc-windows\defaults\CMakeFiles\3.22.1\CompilerIdC\CompilerIdC.vcxproj]
C:\Program Files\Microsoft Visual Studio\2022\Community\MSBuild\Microsoft\VC\v170\Microsoft.CppCommon.targets(1092,5): error MSB6003:    at Microsoft.Build.Utilities.ToolTask.Execute() [D:\Dropbox\projects\code\monotextdisplay\build\msvc-windows\defaults\CMakeFiles\3.22.1\CompilerIdC\CompilerIdC.vcxproj]

    0 Warning(s)
    1 Error(s)

Time Elapsed 00:00:01.20


Compiling the C compiler identification source file "CMakeCCompilerId.c" failed.
Compiler:  
Build flags: 
Id flags:  

The output was:
1
Microsoft (R) Build Engine version 17.1.0+ae57d105c for .NET Framework
Copyright (C) Microsoft Corporation. All rights reserved.

Build started 6/21/2022 8:54:11 AM.
Project "D:\Dropbox\projects\code\monotextdisplay\build\msvc-windows\defaults\CMakeFiles\3.22.1\CompilerIdC\CompilerIdC.vcxproj" on node 1 (default targets).
PrepareForBuild:
  Creating directory "Debug\".
  Creating directory "Debug\CompilerIdC.tlog\".
InitializeBuildStatus:
  Creating "Debug\CompilerIdC.tlog\unsuccessfulbuild" because "AlwaysCreate" was specified.
ClCompile:
  C:\Program Files\Microsoft Visual Studio\2022\Community\VC\Tools\MSVC\14.31.31103\bin\HostX64\x64\CL.exe /c /nologo /W0 /WX- /diagnostics:column /Od /D _MBCS /Gm- /EHsc /RTC1 /MDd /GS /fp:precise /Zc:wchar_t /Zc:forScope /Zc:inline /Fo"Debug\\" /Fd"Debug\vc143.pdb" /external:W0 /Gd /TC /FC /errorReport:queue CMakeCCompilerId.c
  CMakeCCompilerId.c
Link:
  C:\Program Files\Microsoft Visual Studio\2022\Community\VC\Tools\MSVC\14.31.31103\bin\HostX64\x64\link.exe /ERRORREPORT:QUEUE /OUT:".\CompilerIdC.exe" /INCREMENTAL:NO /NOLOGO kernel32.lib user32.lib gdi32.lib winspool.lib comdlg32.lib advapi32.lib shell32.lib ole32.lib oleaut32.lib uuid.lib odbc32.lib odbccp32.lib /MANIFEST /MANIFESTUAC:"level='asInvoker' uiAccess='false'" /manifest:embed /PDB:".\CompilerIdC.pdb" /SUBSYSTEM:CONSOLE /TLBID:1 /DYNAMICBASE /NXCOMPAT /IMPLIB:".\CompilerIdC.lib" /MACHINE:X64 Debug\CMakeCCompilerId.obj
C:\Program Files\Microsoft Visual Studio\2022\Community\MSBuild\Microsoft\VC\v170\Microsoft.CppCommon.targets(1092,5): error MSB6003: The specified task executable "link.exe" could not be run. System.IO.IOException: The process cannot access the file 'Debug\CompilerIdC.tlog\link-cvtres.write.1.tlog' because it is being used by another process. [D:\Dropbox\projects\code\monotextdisplay\build\msvc-windows\defaults\CMakeFiles\3.22.1\CompilerIdC\CompilerIdC.vcxproj]
C:\Program Files\Microsoft Visual Studio\2022\Community\MSBuild\Microsoft\VC\v170\Microsoft.CppCommon.targets(1092,5): error MSB6003:    at System.IO.__Error.WinIOError(Int32 errorCode, String maybeFullPath) [D:\Dropbox\projects\code\monotextdisplay\build\msvc-windows\defaults\CMakeFiles\3.22.1\CompilerIdC\CompilerIdC.vcxproj]
C:\Program Files\Microsoft Visual Studio\2022\Community\MSBuild\Microsoft\VC\v170\Microsoft.CppCommon.targets(1092,5): error MSB6003:    at System.IO.FileInfo.Delete() [D:\Dropbox\projects\code\monotextdisplay\build\msvc-windows\defaults\CMakeFiles\3.22.1\CompilerIdC\CompilerIdC.vcxproj]
C:\Program Files\Microsoft Visual Studio\2022\Community\MSBuild\Microsoft\VC\v170\Microsoft.CppCommon.targets(1092,5): error MSB6003:    at Microsoft.Build.CPPTasks.TrackedVCToolTask.DeleteEmptyFile(ITaskItem[] filesToDelete) [D:\Dropbox\projects\code\monotextdisplay\build\msvc-windows\defaults\CMakeFiles\3.22.1\CompilerIdC\CompilerIdC.vcxproj]
C:\Program Files\Microsoft Visual Studio\2022\Community\MSBuild\Microsoft\VC\v170\Microsoft.CppCommon.targets(1092,5): error MSB6003:    at Microsoft.Build.CPPTasks.TrackedVCToolTask.PostExecuteTool(Int32 exitCode) [D:\Dropbox\projects\code\monotextdisplay\build\msvc-windows\defaults\CMakeFiles\3.22.1\CompilerIdC\CompilerIdC.vcxproj]
C:\Program Files\Microsoft Visual Studio\2022\Community\MSBuild\Microsoft\VC\v170\Microsoft.CppCommon.targets(1092,5): error MSB6003:    at Microsoft.Build.CPPTasks.TrackedVCToolTask.ExecuteTool(String pathToTool, String responseFileCommands, String commandLineCommands) [D:\Dropbox\projects\code\monotextdisplay\build\msvc-windows\defaults\CMakeFiles\3.22.1\CompilerIdC\CompilerIdC.vcxproj]
C:\Program Files\Microsoft Visual Studio\2022\Community\MSBuild\Microsoft\VC\v170\Microsoft.CppCommon.targets(1092,5): error MSB6003:    at Microsoft.Build.Utilities.ToolTask.Execute() [D:\Dropbox\projects\code\monotextdisplay\build\msvc-windows\defaults\CMakeFiles\3.22.1\CompilerIdC\CompilerIdC.vcxproj]
Done Building Project "D:\Dropbox\projects\code\monotextdisplay\build\msvc-windows\defaults\CMakeFiles\3.22.1\CompilerIdC\CompilerIdC.vcxproj" (default targets) -- FAILED.

Build FAILED.

"D:\Dropbox\projects\code\monotextdisplay\build\msvc-windows\defaults\CMakeFiles\3.22.1\CompilerIdC\CompilerIdC.vcxproj" (default target) (1) ->
(Link target) -> 
  C:\Program Files\Microsoft Visual Studio\2022\Community\MSBuild\Microsoft\VC\v170\Microsoft.CppCommon.targets(1092,5): error MSB6003: The specified task executable "link.exe" could not be run. System.IO.IOException: The process cannot access the file 'Debug\CompilerIdC.tlog\link-cvtres.write.1.tlog' because it is being used by another process. [D:\Dropbox\projects\code\monotextdisplay\build\msvc-windows\defaults\CMakeFiles\3.22.1\CompilerIdC\CompilerIdC.vcxproj]
C:\Program Files\Microsoft Visual Studio\2022\Community\MSBuild\Microsoft\VC\v170\Microsoft.CppCommon.targets(1092,5): error MSB6003:    at System.IO.__Error.WinIOError(Int32 errorCode, String maybeFullPath) [D:\Dropbox\projects\code\monotextdisplay\build\msvc-windows\defaults\CMakeFiles\3.22.1\CompilerIdC\CompilerIdC.vcxproj]
C:\Program Files\Microsoft Visual Studio\2022\Community\MSBuild\Microsoft\VC\v170\Microsoft.CppCommon.targets(1092,5): error MSB6003:    at System.IO.FileInfo.Delete() [D:\Dropbox\projects\code\monotextdisplay\build\msvc-windows\defaults\CMakeFiles\3.22.1\CompilerIdC\CompilerIdC.vcxproj]
C:\Program Files\Microsoft Visual Studio\2022\Community\MSBuild\Microsoft\VC\v170\Microsoft.CppCommon.targets(1092,5): error MSB6003:    at Microsoft.Build.CPPTasks.TrackedVCToolTask.DeleteEmptyFile(ITaskItem[] filesToDelete) [D:\Dropbox\projects\code\monotextdisplay\build\msvc-windows\defaults\CMakeFiles\3.22.1\CompilerIdC\CompilerIdC.vcxproj]
C:\Program Files\Microsoft Visual Studio\2022\Community\MSBuild\Microsoft\VC\v170\Microsoft.CppCommon.targets(1092,5): error MSB6003:    at Microsoft.Build.CPPTasks.TrackedVCToolTask.PostExecuteTool(Int32 exitCode) [D:\Dropbox\projects\code\monotextdisplay\build\msvc-windows\defaults\CMakeFiles\3.22.1\CompilerIdC\CompilerIdC.vcxproj]
C:\Program Files\Microsoft Visual Studio\2022\Community\MSBuild\Microsoft\VC\v170\Microsoft.CppCommon.targets(1092,5): error MSB6003:    at Microsoft.Build.CPPTasks.TrackedVCToolTask.ExecuteTool(String pathToTool, String responseFileCommands, String commandLineCommands) [D:\Dropbox\projects\code\monotextdisplay\build\msvc-windows\defaults\CMakeFiles\3.22.1\CompilerIdC\CompilerIdC.vcxproj]
C:\Program Files\Microsoft Visual Studio\2022\Community\MSBuild\Microsoft\VC\v170\Microsoft.CppCommon.targets(1092,5): error MSB6003:    at Microsoft.Build.Utilities.ToolTask.Execute() [D:\Dropbox\projects\code\monotextdisplay\build\msvc-windows\defaults\CMakeFiles\3.22.1\CompilerIdC\CompilerIdC.vcxproj]

    0 Warning(s)
    1 Error(s)

Time Elapsed 00:00:01.13


Compiling the C compiler identification source file "CMakeCCompilerId.c" failed.
Compiler:  
Build flags: 
Id flags:  

The output was:
1
Microsoft (R) Build Engine version 17.1.0+ae57d105c for .NET Framework
Copyright (C) Microsoft Corporation. All rights reserved.

Build started 6/21/2022 8:54:13 AM.
Project "D:\Dropbox\projects\code\monotextdisplay\build\msvc-windows\defaults\CMakeFiles\3.22.1\CompilerIdC\CompilerIdC.vcxproj" on node 1 (default targets).
PrepareForBuild:
  Creating directory "Debug\".
  Creating directory "Debug\CompilerIdC.tlog\".
InitializeBuildStatus:
  Creating "Debug\CompilerIdC.tlog\unsuccessfulbuild" because "AlwaysCreate" was specified.
ClCompile:
  C:\Program Files\Microsoft Visual Studio\2022\Community\VC\Tools\MSVC\14.31.31103\bin\HostX64\x64\CL.exe /c /nologo /W0 /WX- /diagnostics:column /Od /D _MBCS /Gm- /EHsc /RTC1 /MDd /GS /fp:precise /Zc:wchar_t /Zc:forScope /Zc:inline /Fo"Debug\\" /Fd"Debug\vc143.pdb" /external:W0 /Gd /TC /FC /errorReport:queue CMakeCCompilerId.c
  CMakeCCompilerId.c
Link:
  C:\Program Files\Microsoft Visual Studio\2022\Community\VC\Tools\MSVC\14.31.31103\bin\HostX64\x64\link.exe /ERRORREPORT:QUEUE /OUT:".\CompilerIdC.exe" /INCREMENTAL:NO /NOLOGO kernel32.lib user32.lib gdi32.lib winspool.lib comdlg32.lib advapi32.lib shell32.lib ole32.lib oleaut32.lib uuid.lib odbc32.lib odbccp32.lib /MANIFEST /MANIFESTUAC:"level='asInvoker' uiAccess='false'" /manifest:embed /PDB:".\CompilerIdC.pdb" /SUBSYSTEM:CONSOLE /TLBID:1 /DYNAMICBASE /NXCOMPAT /IMPLIB:".\CompilerIdC.lib" /MACHINE:X64 Debug\CMakeCCompilerId.obj
C:\Program Files\Microsoft Visual Studio\2022\Community\MSBuild\Microsoft\VC\v170\Microsoft.CppCommon.targets(1092,5): error MSB6003: The specified task executable "link.exe" could not be run. System.IO.IOException: The process cannot access the file 'Debug\CompilerIdC.tlog\link-cvtres.write.1.tlog' because it is being used by another process. [D:\Dropbox\projects\code\monotextdisplay\build\msvc-windows\defaults\CMakeFiles\3.22.1\CompilerIdC\CompilerIdC.vcxproj]
C:\Program Files\Microsoft Visual Studio\2022\Community\MSBuild\Microsoft\VC\v170\Microsoft.CppCommon.targets(1092,5): error MSB6003:    at System.IO.__Error.WinIOError(Int32 errorCode, String maybeFullPath) [D:\Dropbox\projects\code\monotextdisplay\build\msvc-windows\defaults\CMakeFiles\3.22.1\CompilerIdC\CompilerIdC.vcxproj]
C:\Program Files\Microsoft Visual Studio\2022\Community\MSBuild\Microsoft\VC\v170\Microsoft.CppCommon.targets(1092,5): error MSB6003:    at System.IO.FileInfo.Delete() [D:\Dropbox\projects\code\monotextdisplay\build\msvc-windows\defaults\CMakeFiles\3.22.1\CompilerIdC\CompilerIdC.vcxproj]
C:\Program Files\Microsoft Visual Studio\2022\Community\MSBuild\Microsoft\VC\v170\Microsoft.CppCommon.targets(1092,5): error MSB6003:    at Microsoft.Build.CPPTasks.TrackedVCToolTask.DeleteEmptyFile(ITaskItem[] filesToDelete) [D:\Dropbox\projects\code\monotextdisplay\build\msvc-windows\defaults\CMakeFiles\3.22.1\CompilerIdC\CompilerIdC.vcxproj]
C:\Program Files\Microsoft Visual Studio\2022\Community\MSBuild\Microsoft\VC\v170\Microsoft.CppCommon.targets(1092,5): error MSB6003:    at Microsoft.Build.CPPTasks.TrackedVCToolTask.PostExecuteTool(Int32 exitCode) [D:\Dropbox\projects\code\monotextdisplay\build\msvc-windows\defaults\CMakeFiles\3.22.1\CompilerIdC\CompilerIdC.vcxproj]
C:\Program Files\Microsoft Visual Studio\2022\Community\MSBuild\Microsoft\VC\v170\Microsoft.CppCommon.targets(1092,5): error MSB6003:    at Microsoft.Build.CPPTasks.TrackedVCToolTask.ExecuteTool(String pathToTool, String responseFileCommands, String commandLineCommands) [D:\Dropbox\projects\code\monotextdisplay\build\msvc-windows\defaults\CMakeFiles\3.22.1\CompilerIdC\CompilerIdC.vcxproj]
C:\Program Files\Microsoft Visual Studio\2022\Community\MSBuild\Microsoft\VC\v170\Microsoft.CppCommon.targets(1092,5): error MSB6003:    at Microsoft.Build.Utilities.ToolTask.Execute() [D:\Dropbox\projects\code\monotextdisplay\build\msvc-windows\defaults\CMakeFiles\3.22.1\CompilerIdC\CompilerIdC.vcxproj]
Done Building Project "D:\Dropbox\projects\code\monotextdisplay\build\msvc-windows\defaults\CMakeFiles\3.22.1\CompilerIdC\CompilerIdC.vcxproj" (default targets) -- FAILED.

Build FAILED.

"D:\Dropbox\projects\code\monotextdisplay\build\msvc-windows\defaults\CMakeFiles\3.22.1\CompilerIdC\CompilerIdC.vcxproj" (default target) (1) ->
(Link target) -> 
  C:\Program Files\Microsoft Visual Studio\2022\Community\MSBuild\Microsoft\VC\v170\Microsoft.CppCommon.targets(1092,5): error MSB6003: The specified task executable "link.exe" could not be run. System.IO.IOException: The process cannot access the file 'Debug\CompilerIdC.tlog\link-cvtres.write.1.tlog' because it is being used by another process. [D:\Dropbox\projects\code\monotextdisplay\build\msvc-windows\defaults\CMakeFiles\3.22.1\CompilerIdC\CompilerIdC.vcxproj]
C:\Program Files\Microsoft Visual Studio\2022\Community\MSBuild\Microsoft\VC\v170\Microsoft.CppCommon.targets(1092,5): error MSB6003:    at System.IO.__Error.WinIOError(Int32 errorCode, String maybeFullPath) [D:\Dropbox\projects\code\monotextdisplay\build\msvc-windows\defaults\CMakeFiles\3.22.1\CompilerIdC\CompilerIdC.vcxproj]
C:\Program Files\Microsoft Visual Studio\2022\Community\MSBuild\Microsoft\VC\v170\Microsoft.CppCommon.targets(1092,5): error MSB6003:    at System.IO.FileInfo.Delete() [D:\Dropbox\projects\code\monotextdisplay\build\msvc-windows\defaults\CMakeFiles\3.22.1\CompilerIdC\CompilerIdC.vcxproj]
C:\Program Files\Microsoft Visual Studio\2022\Community\MSBuild\Microsoft\VC\v170\Microsoft.CppCommon.targets(1092,5): error MSB6003:    at Microsoft.Build.CPPTasks.TrackedVCToolTask.DeleteEmptyFile(ITaskItem[] filesToDelete) [D:\Dropbox\projects\code\monotextdisplay\build\msvc-windows\defaults\CMakeFiles\3.22.1\CompilerIdC\CompilerIdC.vcxproj]
C:\Program Files\Microsoft Visual Studio\2022\Community\MSBuild\Microsoft\VC\v170\Microsoft.CppCommon.targets(1092,5): error MSB6003:    at Microsoft.Build.CPPTasks.TrackedVCToolTask.PostExecuteTool(Int32 exitCode) [D:\Dropbox\projects\code\monotextdisplay\build\msvc-windows\defaults\CMakeFiles\3.22.1\CompilerIdC\CompilerIdC.vcxproj]
C:\Program Files\Microsoft Visual Studio\2022\Community\MSBuild\Microsoft\VC\v170\Microsoft.CppCommon.targets(1092,5): error MSB6003:    at Microsoft.Build.CPPTasks.TrackedVCToolTask.ExecuteTool(String pathToTool, String responseFileCommands, String commandLineCommands) [D:\Dropbox\projects\code\monotextdisplay\build\msvc-windows\defaults\CMakeFiles\3.22.1\CompilerIdC\CompilerIdC.vcxproj]
C:\Program Files\Microsoft Visual Studio\2022\Community\MSBuild\Microsoft\VC\v170\Microsoft.CppCommon.targets(1092,5): error MSB6003:    at Microsoft.Build.Utilities.ToolTask.Execute() [D:\Dropbox\projects\code\monotextdisplay\build\msvc-windows\defaults\CMakeFiles\3.22.1\CompilerIdC\CompilerIdC.vcxproj]

    0 Warning(s)
    1 Error(s)

Time Elapsed 00:00:01.40


